#    1 | steps:    13 | steps_t:     0 | t: 0.070425 | r:  -468.000000 | e:   1.000000 | Q:        nan | won: False 
#    2 | steps:    63 | steps_t:     0 | t: 0.125119 | r:  -483.000000 | e:   1.000000 | Q:        nan | won: False 
#    3 | steps:    95 | steps_t:     0 | t: 0.159157 | r:  -487.000000 | e:   1.000000 | Q:        nan | won: False 
#    4 | steps:   106 | steps_t:     0 | t: 0.171706 | r:  -455.000000 | e:   1.000000 | Q:        nan | won: False 
#    5 | steps:   144 | steps_t:     0 | t: 0.217387 | r:  -482.000000 | e:   1.000000 | Q:        nan | won: False 
#    6 | steps:   181 | steps_t:     0 | t: 0.256424 | r:  -448.000000 | e:   1.000000 | Q:        nan | won: False 
#    7 | steps:   314 | steps_t:     0 | t: 0.393456 | r:  -445.000000 | e:   1.000000 | Q:        nan | won: False 
#    8 | steps:   346 | steps_t:     0 | t: 0.425496 | r:  -465.000000 | e:   1.000000 | Q:        nan | won: False 
#    9 | steps:   403 | steps_t:     0 | t: 0.483878 | r:  -479.000000 | e:   1.000000 | Q:        nan | won: False 
#   10 | steps:   439 | steps_t:     0 | t: 0.519785 | r:  -458.000000 | e:   1.000000 | Q:        nan | won: False 
#   11 | steps:   500 | steps_t:     0 | t: 0.630988 | r:  -527.000000 | e:   1.000000 | Q:        nan | won: False 
#   12 | steps:   537 | steps_t:     0 | t: 0.669079 | r:  -371.000000 | e:   1.000000 | Q:        nan | won: False 
#   13 | steps:   547 | steps_t:     0 | t: 0.679119 | r:  -443.000000 | e:   1.000000 | Q:        nan | won: False 
#   14 | steps:   561 | steps_t:     0 | t: 0.693476 | r:  -491.000000 | e:   1.000000 | Q:        nan | won: False 
#   15 | steps:   743 | steps_t:     0 | t: 0.879083 | r:  -450.000000 | e:   1.000000 | Q:        nan | won: False 
#   16 | steps:   771 | steps_t:     0 | t: 0.906859 | r:  -450.000000 | e:   1.000000 | Q:        nan | won: False 
#   17 | steps:   793 | steps_t:     0 | t: 0.929061 | r:  -444.000000 | e:   1.000000 | Q:        nan | won: False 
#   18 | steps:   825 | steps_t:     0 | t: 0.961107 | r:  -454.000000 | e:   1.000000 | Q:        nan | won: False 
#   19 | steps:   864 | steps_t:     0 | t: 1.000191 | r:  -494.000000 | e:   1.000000 | Q:        nan | won: False 
#   20 | steps:   885 | steps_t:     0 | t: 1.020199 | r:  -487.000000 | e:   1.000000 | Q:        nan | won: False 
#   21 | steps:   933 | steps_t:     0 | t: 1.068552 | r:  -470.000000 | e:   1.000000 | Q:        nan | won: False 
#   22 | steps:   953 | steps_t:     0 | t: 1.095645 | r:  -409.000000 | e:   1.000000 | Q:        nan | won: False 
#   23 | steps:   965 | steps_t:     0 | t: 1.112309 | r:  -478.000000 | e:   1.000000 | Q:        nan | won: False 
#   24 | steps:   998 | steps_t:     0 | t: 1.147981 | r:  -499.000000 | e:   1.000000 | Q:        nan | won: False 
#   25 | steps:  1010 | steps_t:     0 | t: 1.162945 | r:  -467.000000 | e:   1.000000 | Q:        nan | won: False 
#   26 | steps:  1066 | steps_t:     0 | t: 1.223470 | r:  -401.000000 | e:   1.000000 | Q:        nan | won: False 
#   27 | steps:  1140 | steps_t:     0 | t: 1.303390 | r:  -441.000000 | e:   1.000000 | Q:        nan | won: False 
#   28 | steps:  1155 | steps_t:     0 | t: 1.318670 | r:  -492.000000 | e:   1.000000 | Q:        nan | won: False 
#   29 | steps:  1231 | steps_t:     0 | t: 1.397766 | r:  -498.000000 | e:   1.000000 | Q:        nan | won: False 
#   30 | steps:  1253 | steps_t:     0 | t: 1.421733 | r:  -477.000000 | e:   1.000000 | Q:        nan | won: False 
#   31 | steps:  1289 | steps_t:     0 | t: 1.460409 | r:  -414.000000 | e:   1.000000 | Q:        nan | won: False 
#   32 | steps:  1344 | steps_t:     0 | t: 1.517733 | r:  -488.000000 | e:   1.000000 | Q:        nan | won: False 
#   33 | steps:  1356 | steps_t:     0 | t: 1.529446 | r:  -489.000000 | e:   1.000000 | Q:        nan | won: False 
#   34 | steps:  1375 | steps_t:     0 | t: 1.548459 | r:  -419.000000 | e:   1.000000 | Q:        nan | won: False 
#   35 | steps:  1397 | steps_t:     0 | t: 1.572943 | r:  -455.000000 | e:   1.000000 | Q:        nan | won: False 
#   36 | steps:  1426 | steps_t:     0 | t: 1.614834 | r:  -506.000000 | e:   1.000000 | Q:        nan | won: False 
#   37 | steps:  1448 | steps_t:     0 | t: 1.640771 | r:  -455.000000 | e:   1.000000 | Q:        nan | won: False 
#   38 | steps:  1520 | steps_t:     0 | t: 1.718211 | r:  -461.000000 | e:   1.000000 | Q:        nan | won: False 
#   39 | steps:  1537 | steps_t:     0 | t: 1.736929 | r:  -494.000000 | e:   1.000000 | Q:        nan | won: False 
#   40 | steps:  1714 | steps_t:     0 | t: 1.922263 | r:  -328.000000 | e:   1.000000 | Q:        nan | won: False 
#   41 | steps:  1729 | steps_t:     0 | t: 1.940134 | r:  -448.000000 | e:   1.000000 | Q:        nan | won: False 
#   42 | steps:  1761 | steps_t:     0 | t: 1.976468 | r:  -476.000000 | e:   1.000000 | Q:        nan | won: False 
#   43 | steps:  1771 | steps_t:     0 | t: 1.986623 | r:  -476.000000 | e:   1.000000 | Q:        nan | won: False 
#   44 | steps:  1781 | steps_t:     0 | t: 1.996030 | r:  -454.000000 | e:   1.000000 | Q:        nan | won: False 
#   45 | steps:  1796 | steps_t:     0 | t: 2.012126 | r:  -481.000000 | e:   1.000000 | Q:        nan | won: False 
#   46 | steps:  1832 | steps_t:     0 | t: 2.052094 | r:  -447.000000 | e:   1.000000 | Q:        nan | won: False 
#   47 | steps:  1848 | steps_t:     0 | t: 2.068641 | r:  -493.000000 | e:   1.000000 | Q:        nan | won: False 
#   48 | steps:  1877 | steps_t:     0 | t: 2.101649 | r:  -495.000000 | e:   1.000000 | Q:        nan | won: False 
#   49 | steps:  1895 | steps_t:     0 | t: 2.121435 | r:  -495.000000 | e:   1.000000 | Q:        nan | won: False 
#   50 | steps:  2001 | steps_t:     0 | t: 2.231568 | r:  -396.000000 | e:   1.000000 | Q:        nan | won: False 
#   51 | steps:  2029 | steps_t:     0 | t: 2.260447 | r:  -439.000000 | e:   1.000000 | Q:        nan | won: False 
#   52 | steps:  2120 | steps_t:     0 | t: 2.357598 | r:  -458.000000 | e:   1.000000 | Q:        nan | won: False 
#   53 | steps:  2179 | steps_t:     0 | t: 2.421888 | r:  -470.000000 | e:   1.000000 | Q:        nan | won: False 
#   54 | steps:  2197 | steps_t:     0 | t: 2.446125 | r:  -495.000000 | e:   1.000000 | Q:        nan | won: False 
#   55 | steps:  2210 | steps_t:     0 | t: 2.467982 | r:  -490.000000 | e:   1.000000 | Q:        nan | won: False 
#   56 | steps:  2249 | steps_t:     0 | t: 2.601089 | r:  -461.000000 | e:   1.000000 | Q:        nan | won: False 
#   57 | steps:  2291 | steps_t:     0 | t: 2.658493 | r:  -508.000000 | e:   1.000000 | Q:        nan | won: False 
#   58 | steps:  2305 | steps_t:     0 | t: 2.674174 | r:  -491.000000 | e:   1.000000 | Q:        nan | won: False 
#   59 | steps:  2320 | steps_t:     0 | t: 2.690717 | r:  -481.000000 | e:   1.000000 | Q:        nan | won: False 
#   60 | steps:  2334 | steps_t:     0 | t: 2.710640 | r:  -491.000000 | e:   1.000000 | Q:        nan | won: False 
#   61 | steps:  2359 | steps_t:     0 | t: 2.740496 | r:  -447.000000 | e:   1.000000 | Q:        nan | won: False 
#   62 | steps:  2430 | steps_t:     0 | t: 2.822335 | r:  -449.000000 | e:   1.000000 | Q:        nan | won: False 
#   63 | steps:  2491 | steps_t:     0 | t: 2.891317 | r:  -505.000000 | e:   1.000000 | Q:        nan | won: False 
#   64 | steps:  2526 | steps_t:     0 | t: 2.929657 | r:  -490.000000 | e:   1.000000 | Q:        nan | won: False 
#   65 | steps:  2570 | steps_t:     0 | t: 2.980649 | r:  -444.000000 | e:   1.000000 | Q:        nan | won: False 
#   66 | steps:  2626 | steps_t:     0 | t: 3.049694 | r:  -445.000000 | e:   1.000000 | Q:        nan | won: False 
#   67 | steps:  2641 | steps_t:     0 | t: 3.065100 | r:  -470.000000 | e:   1.000000 | Q:        nan | won: False 
#   68 | steps:  2663 | steps_t:     0 | t: 3.091002 | r:  -488.000000 | e:   1.000000 | Q:        nan | won: False 
#   69 | steps:  2685 | steps_t:     0 | t: 3.117719 | r:  -455.000000 | e:   1.000000 | Q:        nan | won: False 
#   70 | steps:  2746 | steps_t:     0 | t: 3.183570 | r:  -439.000000 | e:   1.000000 | Q:        nan | won: False 
#   71 | steps:  2805 | steps_t:     0 | t: 3.245483 | r:  -470.000000 | e:   1.000000 | Q:        nan | won: False 
#   72 | steps:  2916 | steps_t:     0 | t: 3.357874 | r:  -467.000000 | e:   1.000000 | Q:        nan | won: False 
#   73 | steps:  3066 | steps_t:     0 | t: 3.506989 | r:  -253.000000 | e:   1.000000 | Q:        nan | won: False 
#   74 | steps:  3092 | steps_t:     0 | t: 3.532134 | r:  -470.000000 | e:   1.000000 | Q:        nan | won: False 
#   75 | steps:  3108 | steps_t:     0 | t: 3.549387 | r:  -449.000000 | e:   1.000000 | Q:        nan | won: False 
#   76 | steps:  3137 | steps_t:     0 | t: 3.578636 | r:  -440.000000 | e:   1.000000 | Q:        nan | won: False 
#   77 | steps:  3154 | steps_t:     0 | t: 3.603294 | r:  -494.000000 | e:   1.000000 | Q:        nan | won: False 
#   78 | steps:  3176 | steps_t:     0 | t: 3.626261 | r:  -477.000000 | e:   1.000000 | Q:        nan | won: False 
#   79 | steps:  3201 | steps_t:     0 | t: 3.651553 | r:  -491.000000 | e:   1.000000 | Q:        nan | won: False 
#   80 | steps:  3215 | steps_t:     0 | t: 3.667580 | r:  -491.000000 | e:   1.000000 | Q:        nan | won: False 
#   81 | steps:  3228 | steps_t:     0 | t: 3.680072 | r:  -468.000000 | e:   1.000000 | Q:        nan | won: False 
#   82 | steps:  3241 | steps_t:     0 | t: 3.693194 | r:  -479.000000 | e:   1.000000 | Q:        nan | won: False 
#   83 | steps:  3264 | steps_t:     0 | t: 3.718563 | r:  -445.000000 | e:   1.000000 | Q:        nan | won: False 
#   84 | steps:  3275 | steps_t:     0 | t: 3.729728 | r:  -477.000000 | e:   1.000000 | Q:        nan | won: False 
#   85 | steps:  3290 | steps_t:     0 | t: 3.745660 | r:  -481.000000 | e:   1.000000 | Q:        nan | won: False 
#   86 | steps:  3313 | steps_t:     0 | t: 3.770634 | r:  -467.000000 | e:   1.000000 | Q:        nan | won: False 
#   87 | steps:  3341 | steps_t:     0 | t: 3.801071 | r:  -472.000000 | e:   1.000000 | Q:        nan | won: False 
#   88 | steps:  3362 | steps_t:     0 | t: 3.821637 | r:  -487.000000 | e:   1.000000 | Q:        nan | won: False 
#   89 | steps:  3393 | steps_t:     0 | t: 3.853531 | r:  -475.000000 | e:   1.000000 | Q:        nan | won: False 
#   90 | steps:  3420 | steps_t:     0 | t: 3.882527 | r:  -460.000000 | e:   1.000000 | Q:        nan | won: False 
#   91 | steps:  3463 | steps_t:     0 | t: 3.926871 | r:  -509.000000 | e:   1.000000 | Q:        nan | won: False 
#   92 | steps:  3474 | steps_t:     0 | t: 3.937368 | r:  -499.000000 | e:   1.000000 | Q:        nan | won: False 
#   93 | steps:  3495 | steps_t:     0 | t: 3.957233 | r:  -476.000000 | e:   1.000000 | Q:        nan | won: False 
#   94 | steps:  3509 | steps_t:     0 | t: 3.971654 | r:  -480.000000 | e:   1.000000 | Q:        nan | won: False 
#   95 | steps:  3549 | steps_t:     0 | t: 4.015406 | r:  -473.000000 | e:   1.000000 | Q:        nan | won: False 
#   96 | steps:  3578 | steps_t:     0 | t: 4.046094 | r:  -495.000000 | e:   1.000000 | Q:        nan | won: False 
#   97 | steps:  3819 | steps_t:     0 | t: 4.284045 | r:  -509.000000 | e:   1.000000 | Q:        nan | won: False 
#   98 | steps:  3956 | steps_t:     0 | t: 4.419530 | r:  -354.000000 | e:   1.000000 | Q:        nan | won: False 
#   99 | steps:  3982 | steps_t:     0 | t: 4.444848 | r:  -448.000000 | e:   1.000000 | Q:        nan | won: False 
#  100 | steps:  4018 | steps_t:     0 | t: 4.483265 | r:  -436.000000 | e:   1.000000 | Q:        nan | won: False 
#  101 | steps:  4033 | steps_t:     0 | t: 4.567230 | r:  -481.000000 | e:   1.000000 | Q:        nan | won: False 
#  102 | steps:  4061 | steps_t:     0 | t: 4.595759 | r:  -494.000000 | e:   1.000000 | Q:        nan | won: False 
#  103 | steps:  4077 | steps_t:     0 | t: 4.612862 | r:  -493.000000 | e:   1.000000 | Q:        nan | won: False 
#  104 | steps:  4088 | steps_t:     0 | t: 4.623231 | r:  -455.000000 | e:   1.000000 | Q:        nan | won: False 
#  105 | steps:  4122 | steps_t:     0 | t: 4.659406 | r:  -478.000000 | e:   1.000000 | Q:        nan | won: False 
#  106 | steps:  4144 | steps_t:     0 | t: 4.682608 | r:  -455.000000 | e:   1.000000 | Q:        nan | won: False 
#  107 | steps:  4242 | steps_t:     0 | t: 4.780933 | r:  -465.000000 | e:   1.000000 | Q:        nan | won: False 
#  108 | steps:  4260 | steps_t:     0 | t: 4.798519 | r:  -451.000000 | e:   1.000000 | Q:        nan | won: False 
#  109 | steps:  4280 | steps_t:     0 | t: 4.819967 | r:  -464.000000 | e:   1.000000 | Q:        nan | won: False 
#  110 | steps:  4307 | steps_t:     0 | t: 4.848190 | r:  -460.000000 | e:   1.000000 | Q:        nan | won: False 
#  111 | steps:  4339 | steps_t:     0 | t: 4.881868 | r:  -465.000000 | e:   1.000000 | Q:        nan | won: False 
#  112 | steps:  4351 | steps_t:     0 | t: 4.894550 | r:  -478.000000 | e:   1.000000 | Q:        nan | won: False 
#  113 | steps:  4364 | steps_t:     0 | t: 4.908293 | r:  -479.000000 | e:   1.000000 | Q:        nan | won: False 
#  114 | steps:  4390 | steps_t:     0 | t: 4.936268 | r:  -459.000000 | e:   1.000000 | Q:        nan | won: False 
#  115 | steps:  4408 | steps_t:     0 | t: 4.956071 | r:  -451.000000 | e:   1.000000 | Q:        nan | won: False 
#  116 | steps:  4495 | steps_t:     0 | t: 5.044804 | r:  -414.000000 | e:   1.000000 | Q:        nan | won: False 
#  117 | steps:  4519 | steps_t:     0 | t: 5.068446 | r:  -457.000000 | e:   1.000000 | Q:        nan | won: False 
#  118 | steps:  4531 | steps_t:     0 | t: 5.081719 | r:  -489.000000 | e:   1.000000 | Q:        nan | won: False 
#  119 | steps:  4556 | steps_t:     0 | t: 5.108524 | r:  -458.000000 | e:   1.000000 | Q:        nan | won: False 
#  120 | steps:  4577 | steps_t:     0 | t: 5.133088 | r:  -432.000000 | e:   1.000000 | Q:        nan | won: False 
#  121 | steps:  4589 | steps_t:     0 | t: 5.144795 | r:  -478.000000 | e:   1.000000 | Q:        nan | won: False 
#  122 | steps:  4649 | steps_t:     0 | t: 5.208880 | r:  -427.000000 | e:   1.000000 | Q:        nan | won: False 
#  123 | steps:  4667 | steps_t:     0 | t: 5.226120 | r:  -418.000000 | e:   1.000000 | Q:        nan | won: False 
#  124 | steps:  4695 | steps_t:     0 | t: 5.253969 | r:  -483.000000 | e:   1.000000 | Q:        nan | won: False 
#  125 | steps:  4811 | steps_t:     0 | t: 5.372398 | r:  -351.000000 | e:   1.000000 | Q:        nan | won: False 
#  126 | steps:  4828 | steps_t:     0 | t: 5.389099 | r:  -472.000000 | e:   1.000000 | Q:        nan | won: False 
#  127 | steps:  4842 | steps_t:     0 | t: 5.402294 | r:  -480.000000 | e:   1.000000 | Q:        nan | won: False 
#  128 | steps:  4856 | steps_t:     0 | t: 5.417613 | r:  -491.000000 | e:   1.000000 | Q:        nan | won: False 
#  129 | steps:  4884 | steps_t:     0 | t: 5.447152 | r:  -439.000000 | e:   1.000000 | Q:        nan | won: False 
#  130 | steps:  4915 | steps_t:     0 | t: 5.480628 | r:  -442.000000 | e:   1.000000 | Q:        nan | won: False 
#  131 | steps:  4956 | steps_t:     0 | t: 5.521161 | r:  -463.000000 | e:   1.000000 | Q:        nan | won: False 
#  132 | steps:  4969 | steps_t:     0 | t: 5.534091 | r:  -435.000000 | e:   1.000000 | Q:        nan | won: False 
#  133 | steps:  5008 | steps_t:     7 | t: 6.094888 | r:  -494.000000 | e:   0.999300 | Q:        nan | won: False 
#  134 | steps:  5023 | steps_t:    21 | t: 6.477888 | r:  -481.000000 | e:   0.997900 | Q:        nan | won: False 
#  135 | steps:  5057 | steps_t:    54 | t: 7.280947 | r:  -489.000000 | e:   0.994600 | Q:        nan | won: False 
#  136 | steps:  5171 | steps_t:   167 | t: 10.260976 | r:  -470.000000 | e:   0.983300 | Q:        nan | won: False 
#  137 | steps:  5218 | steps_t:   213 | t: 11.413389 | r:  -491.000000 | e:   0.978700 | Q:        nan | won: False 
#  138 | steps:  5236 | steps_t:   230 | t: 11.876578 | r:  -451.000000 | e:   0.977000 | Q: -178.910843 | won: False 
#  139 | steps:  5324 | steps_t:   317 | t: 14.107479 | r:  -415.000000 | e:   0.968300 | Q: -109.284798 | won: False 
#  140 | steps:  5359 | steps_t:   351 | t: 14.927882 | r:  -413.000000 | e:   0.964900 | Q: -48.888618 | won: False 
#  141 | steps:  5384 | steps_t:   375 | t: 15.512816 | r:  -469.000000 | e:   0.962500 | Q:        nan | won: False 
#  142 | steps:  5407 | steps_t:   397 | t: 16.143161 | r:  -434.000000 | e:   0.960300 | Q: -25.135216 | won: False 
#  143 | steps:  5418 | steps_t:   407 | t: 16.511713 | r:  -477.000000 | e:   0.959300 | Q:        nan | won: False 
#  144 | steps:  5462 | steps_t:   450 | t: 18.621075 | r:  -455.000000 | e:   0.955000 | Q:        nan | won: False 
#  145 | steps:  5502 | steps_t:   489 | t: 20.164523 | r:  -473.000000 | e:   0.951100 | Q: -11.333447 | won: False 
#  146 | steps:  5514 | steps_t:   500 | t: 20.480604 | r:  -489.000000 | e:   0.950000 | Q:        nan | won: False 
#  147 | steps:  5533 | steps_t:   518 | t: 21.016604 | r:  -474.000000 | e:   0.948200 | Q:  -3.400376 | won: False 
#  148 | steps:  5548 | steps_t:   532 | t: 21.451564 | r:  -404.000000 | e:   0.946800 | Q: -69.168182 | won: False 
#  149 | steps:  5565 | steps_t:   548 | t: 21.869272 | r:  -483.000000 | e:   0.945200 | Q:        nan | won: False 
#  150 | steps:  5585 | steps_t:   567 | t: 22.405038 | r:  -453.000000 | e:   0.943300 | Q:        nan | won: False 
#  151 | steps:  5625 | steps_t:   606 | t: 23.505563 | r:  -429.000000 | e:   0.939400 | Q:  -4.280239 | won: False 
#  152 | steps:  5638 | steps_t:   618 | t: 23.837128 | r:  -457.000000 | e:   0.938200 | Q:        nan | won: False 
#  153 | steps:  5653 | steps_t:   632 | t: 24.234665 | r:  -470.000000 | e:   0.936800 | Q:        nan | won: False 
#  154 | steps:  5695 | steps_t:   673 | t: 25.255666 | r:  -453.000000 | e:   0.932700 | Q: -35.258789 | won: False 
#  155 | steps:  5727 | steps_t:   704 | t: 26.033874 | r:  -465.000000 | e:   0.929600 | Q: -10.602015 | won: False 
#  156 | steps:  5794 | steps_t:   770 | t: 27.714591 | r:  -467.000000 | e:   0.923000 | Q:   9.373107 | won: False 
#  157 | steps:  5810 | steps_t:   785 | t: 28.073158 | r:  -493.000000 | e:   0.921500 | Q: -319.817780 | won: False 
#  158 | steps:  5835 | steps_t:   809 | t: 28.660117 | r:  -447.000000 | e:   0.919100 | Q:  37.928780 | won: False 
#  159 | steps:  5847 | steps_t:   820 | t: 28.932091 | r:  -489.000000 | e:   0.918000 | Q:        nan | won: False 
#  160 | steps:  5877 | steps_t:   849 | t: 29.637620 | r:  -474.000000 | e:   0.915100 | Q:   4.334600 | won: False 
#  161 | steps:  5914 | steps_t:   885 | t: 30.679849 | r:  -415.000000 | e:   0.911500 | Q:  55.364674 | won: False 
#  162 | steps:  5959 | steps_t:   929 | t: 31.747503 | r:  -445.000000 | e:   0.907100 | Q:  19.725021 | won: False 
#  163 | steps:  5988 | steps_t:   957 | t: 32.688052 | r:  -462.000000 | e:   0.904300 | Q:  65.297791 | won: False 
#  164 | steps:  6032 | steps_t:  1000 | t: 33.778673 | r:  -499.000000 | e:   0.900000 | Q: -20.608688 | won: False 
#  165 | steps:  6047 | steps_t:  1014 | t: 34.152651 | r:  -481.000000 | e:   0.898600 | Q:  -3.505261 | won: False 
#  166 | steps:  6101 | steps_t:  1067 | t: 35.645068 | r:  -355.000000 | e:   0.893300 | Q:  27.803946 | won: False 
#  167 | steps:  6139 | steps_t:  1104 | t: 36.589535 | r:  -482.000000 | e:   0.889600 | Q:  52.777527 | won: False 
#  168 | steps:  6209 | steps_t:  1173 | t: 38.343096 | r:  -415.000000 | e:   0.882700 | Q:  15.817639 | won: False 
#  169 | steps:  6230 | steps_t:  1193 | t: 38.881809 | r:  -476.000000 | e:   0.880700 | Q: -391.309296 | won: False 
#  170 | steps:  6250 | steps_t:  1212 | t: 39.380497 | r:  -486.000000 | e:   0.878800 | Q: -41.167454 | won: False 
#  171 | steps:  6327 | steps_t:  1288 | t: 41.403326 | r:  -455.000000 | e:   0.871200 | Q:  27.915352 | won: False 
#  172 | steps:  6341 | steps_t:  1301 | t: 41.731977 | r:  -491.000000 | e:   0.869900 | Q: -386.305603 | won: False 
#  173 | steps:  6367 | steps_t:  1326 | t: 42.370435 | r:  -470.000000 | e:   0.867400 | Q:   5.043715 | won: False 
#  174 | steps:  6380 | steps_t:  1338 | t: 42.677319 | r:  -501.000000 | e:   0.866200 | Q:  43.772774 | won: False 
#  175 | steps:  6394 | steps_t:  1351 | t: 43.001257 | r:  -480.000000 | e:   0.864900 | Q:        nan | won: False 
#  176 | steps:  6421 | steps_t:  1377 | t: 43.657882 | r:  -493.000000 | e:   0.862300 | Q:   4.291754 | won: False 
#  177 | steps:  6466 | steps_t:  1421 | t: 44.790894 | r:  -423.000000 | e:   0.857900 | Q:  22.456850 | won: False 
#  178 | steps:  6501 | steps_t:  1455 | t: 45.667912 | r:  -446.000000 | e:   0.854500 | Q:  43.250412 | won: False 
#  179 | steps:  6542 | steps_t:  1495 | t: 46.698609 | r:  -386.000000 | e:   0.850500 | Q:  13.692849 | won: False 
#  180 | steps:  6554 | steps_t:  1506 | t: 46.985759 | r:  -467.000000 | e:   0.849400 | Q:  31.764894 | won: False 
#  181 | steps:  6582 | steps_t:  1533 | t: 47.666400 | r:  -461.000000 | e:   0.846700 | Q:  16.258127 | won: False 
#  182 | steps:  6596 | steps_t:  1546 | t: 48.007901 | r:  -491.000000 | e:   0.845400 | Q:  51.470516 | won: False 
#  183 | steps:  6619 | steps_t:  1568 | t: 48.569109 | r:  -467.000000 | e:   0.843200 | Q:  46.434811 | won: False 
#  184 | steps:  6702 | steps_t:  1650 | t: 50.719784 | r:  -373.000000 | e:   0.835000 | Q:  28.494467 | won: False 
#  185 | steps:  6820 | steps_t:  1767 | t: 53.614689 | r:  -430.000000 | e:   0.823300 | Q:  24.902283 | won: False 
#  186 | steps:  6925 | steps_t:  1871 | t: 56.238252 | r:  -366.000000 | e:   0.812900 | Q:  39.991524 | won: False 
#  187 | steps:  6970 | steps_t:  1915 | t: 57.597336 | r:  -390.000000 | e:   0.808500 | Q:  37.702923 | won: False 
#  188 | steps:  7041 | steps_t:  1985 | t: 59.404088 | r:  -394.000000 | e:   0.801500 | Q:  38.601559 | won: False 
#  189 | steps:  7057 | steps_t:  2000 | t: 59.779605 | r:  -438.000000 | e:   0.800000 | Q:        nan | won: False 
#  190 | steps:  7093 | steps_t:  2035 | t: 60.677489 | r:  -414.000000 | e:   0.796500 | Q:  77.670204 | won: False 
#  191 | steps:  7142 | steps_t:  2083 | t: 61.897106 | r:  -372.000000 | e:   0.791700 | Q:  38.001522 | won: False 
#  192 | steps:  7249 | steps_t:  2189 | t: 64.647201 | r:  -379.000000 | e:   0.781100 | Q:  34.362129 | won: False 
#  193 | steps:  7279 | steps_t:  2218 | t: 65.394082 | r:  -397.000000 | e:   0.778200 | Q:  27.452061 | won: False 
#  194 | steps:  7320 | steps_t:  2258 | t: 66.451546 | r:  -375.000000 | e:   0.774200 | Q:  44.652676 | won: False 
#  195 | steps:  7338 | steps_t:  2275 | t: 66.869192 | r:  -495.000000 | e:   0.772500 | Q: -49.147442 | won: False 
#  196 | steps:  7377 | steps_t:  2313 | t: 67.877162 | r:  -395.000000 | e:   0.768700 | Q:  44.034031 | won: False 
#  197 | steps:  7388 | steps_t:  2323 | t: 68.170231 | r:  -455.000000 | e:   0.767700 | Q:  45.261108 | won: False 
#  198 | steps:  7470 | steps_t:  2404 | t: 70.523421 | r:  -394.000000 | e:   0.759600 | Q:  69.736961 | won: False 
#  199 | steps:  7483 | steps_t:  2416 | t: 70.850921 | r:  -490.000000 | e:   0.758400 | Q:  61.702209 | won: False 
#  200 | steps:  7500 | steps_t:  2432 | t: 71.298633 | r:  -472.000000 | e:   0.756800 | Q:  15.667546 | won: False 
#  201 | steps:  7522 | steps_t:  2453 | t: 71.852799 | r:  -477.000000 | e:   0.754700 | Q:  23.724615 | won: False 
#  202 | steps:  7544 | steps_t:  2474 | t: 72.465479 | r:  -466.000000 | e:   0.752600 | Q:  76.904518 | won: False 
#  203 | steps:  7584 | steps_t:  2513 | t: 73.436905 | r:  -495.000000 | e:   0.748700 | Q:  53.588753 | won: False 
#  204 | steps:  7768 | steps_t:  2696 | t: 78.579464 | r:  -485.000000 | e:   0.730400 | Q:  45.475445 | won: False 
#  205 | steps:  7812 | steps_t:  2739 | t: 79.781890 | r:  -400.000000 | e:   0.726100 | Q:  63.134644 | won: False 
#  206 | steps:  7873 | steps_t:  2799 | t: 81.464014 | r:  -505.000000 | e:   0.720100 | Q:  64.132622 | won: False 
#  207 | steps:  7889 | steps_t:  2814 | t: 81.863388 | r:  -449.000000 | e:   0.718600 | Q:  51.867672 | won: False 
#  208 | steps:  7987 | steps_t:  2911 | t: 84.455983 | r:  -421.000000 | e:   0.708900 | Q:  74.467506 | won: False 
#  209 | steps:  7998 | steps_t:  2921 | t: 84.906906 | r:  -477.000000 | e:   0.707900 | Q:  57.214691 | won: False 
#  210 | steps:  8023 | steps_t:  2945 | t: 85.824158 | r:  -469.000000 | e:   0.705500 | Q:  39.498856 | won: False 
#  211 | steps:  8034 | steps_t:  2955 | t: 86.188219 | r:  -488.000000 | e:   0.704500 | Q:  29.880518 | won: False 
#  212 | steps:  8107 | steps_t:  3027 | t: 88.176737 | r:  -385.000000 | e:   0.697300 | Q:  66.805618 | won: False 
#  213 | steps:  8272 | steps_t:  3191 | t: 92.377030 | r:  -349.000000 | e:   0.680900 | Q:  69.975922 | won: False 
#  214 | steps:  8330 | steps_t:  3248 | t: 93.941328 | r:  -370.000000 | e:   0.675200 | Q:  59.392063 | won: False 
#  215 | steps:  8386 | steps_t:  3303 | t: 95.563203 | r:  -445.000000 | e:   0.669700 | Q:  60.347462 | won: False 
#  216 | steps:  8428 | steps_t:  3344 | t: 96.636945 | r:  -442.000000 | e:   0.665600 | Q:  69.639458 | won: False 
#  217 | steps:  8486 | steps_t:  3401 | t: 98.285251 | r:  -458.000000 | e:   0.659900 | Q:  59.384598 | won: False 
#  218 | steps:  8504 | steps_t:  3418 | t: 98.842612 | r:  -429.000000 | e:   0.658200 | Q:  52.809700 | won: False 
#  219 | steps:  8526 | steps_t:  3439 | t: 99.517564 | r:  -477.000000 | e:   0.656100 | Q:  57.955532 | won: False 
#  220 | steps:  8546 | steps_t:  3458 | t: 100.011806 | r:  -464.000000 | e:   0.654200 | Q:  45.174927 | won: False 
#  221 | steps:  8581 | steps_t:  3492 | t: 100.870007 | r:  -446.000000 | e:   0.650800 | Q:  78.263336 | won: False 
#  222 | steps:  8752 | steps_t:  3662 | t: 105.338244 | r:  -443.000000 | e:   0.633800 | Q:  86.662064 | won: False 
