#    1 | steps:    20 | steps_t:     0 | t: 0.041818 | r:  -519.000000 | e:   1.000000 | Q:        nan | won: False 
#    2 | steps:    28 | steps_t:     0 | t: 0.045428 | r:  -507.000000 | e:   1.000000 | Q:        nan | won: False 
#    3 | steps:    33 | steps_t:     0 | t: 0.047655 | r:  -504.000000 | e:   1.000000 | Q:        nan | won: False 
#    4 | steps:    41 | steps_t:     0 | t: 0.050880 | r:  -507.000000 | e:   1.000000 | Q:        nan | won: False 
#    5 | steps:    51 | steps_t:     0 | t: 0.055096 | r:  -509.000000 | e:   1.000000 | Q:        nan | won: False 
#    6 | steps:    57 | steps_t:     0 | t: 0.057637 | r:  -505.000000 | e:   1.000000 | Q:        nan | won: False 
#    7 | steps:    64 | steps_t:     0 | t: 0.060568 | r:  -506.000000 | e:   1.000000 | Q:        nan | won: False 
#    8 | steps:    70 | steps_t:     0 | t: 0.063159 | r:  -505.000000 | e:   1.000000 | Q:        nan | won: False 
#    9 | steps:    86 | steps_t:     0 | t: 0.069518 | r:  -515.000000 | e:   1.000000 | Q:        nan | won: False 
#   10 | steps:    96 | steps_t:     0 | t: 0.073752 | r:  -509.000000 | e:   1.000000 | Q:        nan | won: False 
#   11 | steps:   107 | steps_t:     0 | t: 0.078491 | r:  -510.000000 | e:   1.000000 | Q:        nan | won: False 
#   12 | steps:   113 | steps_t:     0 | t: 0.081856 | r:  -505.000000 | e:   1.000000 | Q:        nan | won: False 
#   13 | steps:   130 | steps_t:     0 | t: 0.090543 | r:  -516.000000 | e:   1.000000 | Q:        nan | won: False 
#   14 | steps:   139 | steps_t:     0 | t: 0.095250 | r:  -508.000000 | e:   1.000000 | Q:        nan | won: False 
#   15 | steps:   149 | steps_t:     0 | t: 0.100325 | r:  -509.000000 | e:   1.000000 | Q:        nan | won: False 
#   16 | steps:   158 | steps_t:     0 | t: 0.104840 | r:  -508.000000 | e:   1.000000 | Q:        nan | won: False 
#   17 | steps:   166 | steps_t:     0 | t: 0.109391 | r:  -507.000000 | e:   1.000000 | Q:        nan | won: False 
#   18 | steps:   178 | steps_t:     0 | t: 0.115292 | r:  -511.000000 | e:   1.000000 | Q:        nan | won: False 
#   19 | steps:   198 | steps_t:     0 | t: 0.125912 | r:  -519.000000 | e:   1.000000 | Q:        nan | won: False 
#   20 | steps:   211 | steps_t:     0 | t: 0.134069 | r:  -512.000000 | e:   1.000000 | Q:        nan | won: False 
#   21 | steps:   220 | steps_t:     0 | t: 0.138413 | r:  -508.000000 | e:   1.000000 | Q:        nan | won: False 
#   22 | steps:   236 | steps_t:     0 | t: 0.145879 | r:  -515.000000 | e:   1.000000 | Q:        nan | won: False 
#   23 | steps:   249 | steps_t:     0 | t: 0.152085 | r:  -512.000000 | e:   1.000000 | Q:        nan | won: False 
#   24 | steps:   260 | steps_t:     0 | t: 0.158229 | r:  -510.000000 | e:   1.000000 | Q:        nan | won: False 
#   25 | steps:   268 | steps_t:     0 | t: 0.164034 | r:  -507.000000 | e:   1.000000 | Q:        nan | won: False 
#   26 | steps:   279 | steps_t:     0 | t: 0.170956 | r:  -510.000000 | e:   1.000000 | Q:        nan | won: False 
#   27 | steps:   289 | steps_t:     0 | t: 0.176142 | r:  -509.000000 | e:   1.000000 | Q:        nan | won: False 
#   28 | steps:   302 | steps_t:     0 | t: 0.182205 | r:  -512.000000 | e:   1.000000 | Q:        nan | won: False 
#   29 | steps:   332 | steps_t:     0 | t: 0.195800 | r:  -529.000000 | e:   1.000000 | Q:        nan | won: False 
#   30 | steps:   354 | steps_t:     0 | t: 0.204696 | r:  -521.000000 | e:   1.000000 | Q:        nan | won: False 
#   31 | steps:   375 | steps_t:     0 | t: 0.216235 | r:  -520.000000 | e:   1.000000 | Q:        nan | won: False 
#   32 | steps:   383 | steps_t:     0 | t: 0.219651 | r:  -507.000000 | e:   1.000000 | Q:        nan | won: False 
#   33 | steps:   397 | steps_t:     0 | t: 0.225227 | r:  -513.000000 | e:   1.000000 | Q:        nan | won: False 
#   34 | steps:   411 | steps_t:     0 | t: 0.233436 | r:  -513.000000 | e:   1.000000 | Q:        nan | won: False 
#   35 | steps:   422 | steps_t:     0 | t: 0.237966 | r:  -510.000000 | e:   1.000000 | Q:        nan | won: False 
#   36 | steps:   436 | steps_t:     0 | t: 0.244234 | r:  -513.000000 | e:   1.000000 | Q:        nan | won: False 
#   37 | steps:   442 | steps_t:     0 | t: 0.247317 | r:  -505.000000 | e:   1.000000 | Q:        nan | won: False 
#   38 | steps:   456 | steps_t:     0 | t: 0.253229 | r:  -513.000000 | e:   1.000000 | Q:        nan | won: False 
#   39 | steps:   462 | steps_t:     0 | t: 0.257887 | r:  -505.000000 | e:   1.000000 | Q:        nan | won: False 
#   40 | steps:   481 | steps_t:     0 | t: 0.269021 | r:  -518.000000 | e:   1.000000 | Q:        nan | won: False 
#   41 | steps:   494 | steps_t:     0 | t: 0.277050 | r:  -512.000000 | e:   1.000000 | Q:        nan | won: False 
#   42 | steps:   501 | steps_t:     0 | t: 0.282737 | r:  -506.000000 | e:   1.000000 | Q:        nan | won: False 
#   43 | steps:   511 | steps_t:     0 | t: 0.289084 | r:  -509.000000 | e:   1.000000 | Q:        nan | won: False 
#   44 | steps:   523 | steps_t:     0 | t: 0.298727 | r:  -511.000000 | e:   1.000000 | Q:        nan | won: False 
#   45 | steps:   531 | steps_t:     0 | t: 0.303269 | r:  -507.000000 | e:   1.000000 | Q:        nan | won: False 
#   46 | steps:   542 | steps_t:     0 | t: 0.311092 | r:  -510.000000 | e:   1.000000 | Q:        nan | won: False 
#   47 | steps:   561 | steps_t:     0 | t: 0.320780 | r:  -496.000000 | e:   1.000000 | Q:        nan | won: False 
#   48 | steps:   570 | steps_t:     0 | t: 0.326934 | r:  -508.000000 | e:   1.000000 | Q:        nan | won: False 
#   49 | steps:   578 | steps_t:     0 | t: 0.331600 | r:  -507.000000 | e:   1.000000 | Q:        nan | won: False 
#   50 | steps:   589 | steps_t:     0 | t: 0.336779 | r:  -510.000000 | e:   1.000000 | Q:        nan | won: False 
#   51 | steps:   598 | steps_t:     0 | t: 0.345073 | r:  -508.000000 | e:   1.000000 | Q:        nan | won: False 
#   52 | steps:   604 | steps_t:     0 | t: 0.348045 | r:  -505.000000 | e:   1.000000 | Q:        nan | won: False 
#   53 | steps:   612 | steps_t:     0 | t: 0.351591 | r:  -507.000000 | e:   1.000000 | Q:        nan | won: False 
#   54 | steps:   621 | steps_t:     0 | t: 0.355689 | r:  -508.000000 | e:   1.000000 | Q:        nan | won: False 
#   55 | steps:   631 | steps_t:     0 | t: 0.361478 | r:  -509.000000 | e:   1.000000 | Q:        nan | won: False 
#   56 | steps:   638 | steps_t:     0 | t: 0.365552 | r:  -506.000000 | e:   1.000000 | Q:        nan | won: False 
#   57 | steps:   647 | steps_t:     0 | t: 0.372369 | r:  -508.000000 | e:   1.000000 | Q:        nan | won: False 
#   58 | steps:   658 | steps_t:     0 | t: 0.379783 | r:  -510.000000 | e:   1.000000 | Q:        nan | won: False 
#   59 | steps:   668 | steps_t:     0 | t: 0.387278 | r:  -509.000000 | e:   1.000000 | Q:        nan | won: False 
#   60 | steps:   679 | steps_t:     0 | t: 0.397726 | r:  -510.000000 | e:   1.000000 | Q:        nan | won: False 
#   61 | steps:   688 | steps_t:     0 | t: 0.404817 | r:  -508.000000 | e:   1.000000 | Q:        nan | won: False 
#   62 | steps:   698 | steps_t:     0 | t: 0.412948 | r:  -509.000000 | e:   1.000000 | Q:        nan | won: False 
#   63 | steps:   704 | steps_t:     0 | t: 0.417412 | r:  -505.000000 | e:   1.000000 | Q:        nan | won: False 
#   64 | steps:   712 | steps_t:     0 | t: 0.425015 | r:  -507.000000 | e:   1.000000 | Q:        nan | won: False 
#   65 | steps:   719 | steps_t:     0 | t: 0.430028 | r:  -506.000000 | e:   1.000000 | Q:        nan | won: False 
#   66 | steps:   730 | steps_t:     0 | t: 0.439135 | r:  -510.000000 | e:   1.000000 | Q:        nan | won: False 
#   67 | steps:   741 | steps_t:     0 | t: 0.452048 | r:  -510.000000 | e:   1.000000 | Q:        nan | won: False 
#   68 | steps:   749 | steps_t:     0 | t: 0.468270 | r:  -507.000000 | e:   1.000000 | Q:        nan | won: False 
#   69 | steps:   759 | steps_t:     0 | t: 0.480483 | r:  -509.000000 | e:   1.000000 | Q:        nan | won: False 
#   70 | steps:   767 | steps_t:     0 | t: 0.489758 | r:  -507.000000 | e:   1.000000 | Q:        nan | won: False 
#   71 | steps:   774 | steps_t:     0 | t: 0.496308 | r:  -506.000000 | e:   1.000000 | Q:        nan | won: False 
#   72 | steps:   784 | steps_t:     0 | t: 0.520854 | r:  -509.000000 | e:   1.000000 | Q:        nan | won: False 
#   73 | steps:   796 | steps_t:     0 | t: 0.532464 | r:  -511.000000 | e:   1.000000 | Q:        nan | won: False 
#   74 | steps:   805 | steps_t:     0 | t: 0.540109 | r:  -508.000000 | e:   1.000000 | Q:        nan | won: False 
#   75 | steps:   813 | steps_t:     0 | t: 0.547150 | r:  -507.000000 | e:   1.000000 | Q:        nan | won: False 
#   76 | steps:   820 | steps_t:     0 | t: 0.552541 | r:  -506.000000 | e:   1.000000 | Q:        nan | won: False 
#   77 | steps:   828 | steps_t:     0 | t: 0.559322 | r:  -507.000000 | e:   1.000000 | Q:        nan | won: False 
#   78 | steps:   838 | steps_t:     0 | t: 0.567475 | r:  -509.000000 | e:   1.000000 | Q:        nan | won: False 
#   79 | steps:   845 | steps_t:     0 | t: 0.574403 | r:  -506.000000 | e:   1.000000 | Q:        nan | won: False 
#   80 | steps:   861 | steps_t:     0 | t: 0.588627 | r:  -515.000000 | e:   1.000000 | Q:        nan | won: False 
#   81 | steps:   869 | steps_t:     0 | t: 0.595250 | r:  -507.000000 | e:   1.000000 | Q:        nan | won: False 
#   82 | steps:   885 | steps_t:     0 | t: 0.608107 | r:  -515.000000 | e:   1.000000 | Q:        nan | won: False 
#   83 | steps:   892 | steps_t:     0 | t: 0.613773 | r:  -506.000000 | e:   1.000000 | Q:        nan | won: False 
#   84 | steps:   912 | steps_t:     0 | t: 0.631993 | r:  -519.000000 | e:   1.000000 | Q:        nan | won: False 
#   85 | steps:   925 | steps_t:     0 | t: 0.642885 | r:  -512.000000 | e:   1.000000 | Q:        nan | won: False 
#   86 | steps:   932 | steps_t:     0 | t: 0.648395 | r:  -506.000000 | e:   1.000000 | Q:        nan | won: False 
#   87 | steps:   944 | steps_t:     0 | t: 0.661152 | r:  -511.000000 | e:   1.000000 | Q:        nan | won: False 
#   88 | steps:   958 | steps_t:     0 | t: 0.667925 | r:  -513.000000 | e:   1.000000 | Q:        nan | won: False 
#   89 | steps:   964 | steps_t:     0 | t: 0.674474 | r:  -505.000000 | e:   1.000000 | Q:        nan | won: False 
#   90 | steps:   984 | steps_t:     0 | t: 0.684946 | r:  -519.000000 | e:   1.000000 | Q:        nan | won: False 
#   91 | steps:   991 | steps_t:     0 | t: 0.689092 | r:  -506.000000 | e:   1.000000 | Q:        nan | won: False 
#   92 | steps:  1005 | steps_t:     0 | t: 0.695307 | r:  -513.000000 | e:   1.000000 | Q:        nan | won: False 
#   93 | steps:  1013 | steps_t:     0 | t: 0.699836 | r:  -507.000000 | e:   1.000000 | Q:        nan | won: False 
#   94 | steps:  1025 | steps_t:     0 | t: 0.709150 | r:  -511.000000 | e:   1.000000 | Q:        nan | won: False 
#   95 | steps:  1040 | steps_t:     0 | t: 0.716694 | r:  -492.000000 | e:   1.000000 | Q:        nan | won: False 
#   96 | steps:  1049 | steps_t:     0 | t: 0.722654 | r:  -508.000000 | e:   1.000000 | Q:        nan | won: False 
#   97 | steps:  1061 | steps_t:     0 | t: 0.731386 | r:  -511.000000 | e:   1.000000 | Q:        nan | won: False 
#   98 | steps:  1074 | steps_t:     0 | t: 0.738481 | r:  -512.000000 | e:   1.000000 | Q:        nan | won: False 
#   99 | steps:  1082 | steps_t:     0 | t: 0.746355 | r:  -507.000000 | e:   1.000000 | Q:        nan | won: False 
#  100 | steps:  1091 | steps_t:     0 | t: 0.753607 | r:  -508.000000 | e:   1.000000 | Q:        nan | won: False 
#  101 | steps:  1098 | steps_t:     0 | t: 0.759661 | r:  -506.000000 | e:   1.000000 | Q:        nan | won: False 
#  102 | steps:  1106 | steps_t:     0 | t: 0.764414 | r:  -507.000000 | e:   1.000000 | Q:        nan | won: False 
#  103 | steps:  1117 | steps_t:     0 | t: 0.772252 | r:  -510.000000 | e:   1.000000 | Q:        nan | won: False 
#  104 | steps:  1127 | steps_t:     0 | t: 0.785305 | r:  -509.000000 | e:   1.000000 | Q:        nan | won: False 
#  105 | steps:  1138 | steps_t:     0 | t: 0.804569 | r:  -510.000000 | e:   1.000000 | Q:        nan | won: False 
#  106 | steps:  1146 | steps_t:     0 | t: 0.814368 | r:  -507.000000 | e:   1.000000 | Q:        nan | won: False 
#  107 | steps:  1159 | steps_t:     0 | t: 0.826650 | r:  -512.000000 | e:   1.000000 | Q:        nan | won: False 
#  108 | steps:  1166 | steps_t:     0 | t: 0.832131 | r:  -506.000000 | e:   1.000000 | Q:        nan | won: False 
#  109 | steps:  1187 | steps_t:     0 | t: 0.866934 | r:  -520.000000 | e:   1.000000 | Q:        nan | won: False 
#  110 | steps:  1194 | steps_t:     0 | t: 0.874370 | r:  -506.000000 | e:   1.000000 | Q:        nan | won: False 
#  111 | steps:  1204 | steps_t:     0 | t: 0.891461 | r:  -509.000000 | e:   1.000000 | Q:        nan | won: False 
#  112 | steps:  1212 | steps_t:     0 | t: 0.899551 | r:  -507.000000 | e:   1.000000 | Q:        nan | won: False 
#  113 | steps:  1242 | steps_t:     0 | t: 0.929593 | r:  -518.000000 | e:   1.000000 | Q:        nan | won: False 
#  114 | steps:  1249 | steps_t:     0 | t: 0.944448 | r:  -506.000000 | e:   1.000000 | Q:        nan | won: False 
#  115 | steps:  1261 | steps_t:     0 | t: 0.958682 | r:  -511.000000 | e:   1.000000 | Q:        nan | won: False 
#  116 | steps:  1268 | steps_t:     0 | t: 0.966405 | r:  -506.000000 | e:   1.000000 | Q:        nan | won: False 
#  117 | steps:  1275 | steps_t:     0 | t: 0.975599 | r:  -506.000000 | e:   1.000000 | Q:        nan | won: False 
#  118 | steps:  1296 | steps_t:     0 | t: 1.003086 | r:  -520.000000 | e:   1.000000 | Q:        nan | won: False 
#  119 | steps:  1305 | steps_t:     0 | t: 1.011897 | r:  -508.000000 | e:   1.000000 | Q:        nan | won: False 
#  120 | steps:  1319 | steps_t:     0 | t: 1.025861 | r:  -513.000000 | e:   1.000000 | Q:        nan | won: False 
#  121 | steps:  1339 | steps_t:     0 | t: 1.047161 | r:  -519.000000 | e:   1.000000 | Q:        nan | won: False 
#  122 | steps:  1354 | steps_t:     0 | t: 1.060388 | r:  -514.000000 | e:   1.000000 | Q:        nan | won: False 
#  123 | steps:  1364 | steps_t:     0 | t: 1.068623 | r:  -509.000000 | e:   1.000000 | Q:        nan | won: False 
#  124 | steps:  1372 | steps_t:     0 | t: 1.076471 | r:  -507.000000 | e:   1.000000 | Q:        nan | won: False 
#  125 | steps:  1386 | steps_t:     0 | t: 1.087371 | r:  -502.000000 | e:   1.000000 | Q:        nan | won: False 
#  126 | steps:  1398 | steps_t:     0 | t: 1.098501 | r:  -511.000000 | e:   1.000000 | Q:        nan | won: False 
#  127 | steps:  1408 | steps_t:     0 | t: 1.107124 | r:  -509.000000 | e:   1.000000 | Q:        nan | won: False 
#  128 | steps:  1416 | steps_t:     0 | t: 1.114078 | r:  -507.000000 | e:   1.000000 | Q:        nan | won: False 
#  129 | steps:  1426 | steps_t:     0 | t: 1.123193 | r:  -509.000000 | e:   1.000000 | Q:        nan | won: False 
#  130 | steps:  1433 | steps_t:     0 | t: 1.130749 | r:  -506.000000 | e:   1.000000 | Q:        nan | won: False 
#  131 | steps:  1441 | steps_t:     0 | t: 1.135107 | r:  -507.000000 | e:   1.000000 | Q:        nan | won: False 
#  132 | steps:  1463 | steps_t:     0 | t: 1.147069 | r:  -521.000000 | e:   1.000000 | Q:        nan | won: False 
#  133 | steps:  1478 | steps_t:     0 | t: 1.157053 | r:  -514.000000 | e:   1.000000 | Q:        nan | won: False 
#  134 | steps:  1486 | steps_t:     0 | t: 1.162894 | r:  -507.000000 | e:   1.000000 | Q:        nan | won: False 
#  135 | steps:  1493 | steps_t:     0 | t: 1.166244 | r:  -506.000000 | e:   1.000000 | Q:        nan | won: False 
#  136 | steps:  1499 | steps_t:     0 | t: 1.170481 | r:  -505.000000 | e:   1.000000 | Q:        nan | won: False 
#  137 | steps:  1508 | steps_t:     0 | t: 1.178712 | r:  -508.000000 | e:   1.000000 | Q:        nan | won: False 
#  138 | steps:  1530 | steps_t:     0 | t: 1.191515 | r:  -521.000000 | e:   1.000000 | Q:        nan | won: False 
#  139 | steps:  1540 | steps_t:     0 | t: 1.196122 | r:  -509.000000 | e:   1.000000 | Q:        nan | won: False 
#  140 | steps:  1548 | steps_t:     0 | t: 1.201130 | r:  -507.000000 | e:   1.000000 | Q:        nan | won: False 
#  141 | steps:  1555 | steps_t:     0 | t: 1.209697 | r:  -506.000000 | e:   1.000000 | Q:        nan | won: False 
#  142 | steps:  1565 | steps_t:     0 | t: 1.217361 | r:  -509.000000 | e:   1.000000 | Q:        nan | won: False 
#  143 | steps:  1582 | steps_t:     0 | t: 1.232516 | r:  -516.000000 | e:   1.000000 | Q:        nan | won: False 
#  144 | steps:  1604 | steps_t:     0 | t: 1.255199 | r:  -521.000000 | e:   1.000000 | Q:        nan | won: False 
#  145 | steps:  1611 | steps_t:     0 | t: 1.259578 | r:  -506.000000 | e:   1.000000 | Q:        nan | won: False 
#  146 | steps:  1619 | steps_t:     0 | t: 1.265278 | r:  -507.000000 | e:   1.000000 | Q:        nan | won: False 
#  147 | steps:  1629 | steps_t:     0 | t: 1.275612 | r:  -509.000000 | e:   1.000000 | Q:        nan | won: False 
#  148 | steps:  1641 | steps_t:     0 | t: 1.288863 | r:  -511.000000 | e:   1.000000 | Q:        nan | won: False 
#  149 | steps:  1654 | steps_t:     0 | t: 1.300238 | r:  -512.000000 | e:   1.000000 | Q:        nan | won: False 
#  150 | steps:  1660 | steps_t:     0 | t: 1.305715 | r:  -505.000000 | e:   1.000000 | Q:        nan | won: False 
#  151 | steps:  1673 | steps_t:     0 | t: 1.312779 | r:  -512.000000 | e:   1.000000 | Q:        nan | won: False 
#  152 | steps:  1680 | steps_t:     0 | t: 1.318708 | r:  -506.000000 | e:   1.000000 | Q:        nan | won: False 
#  153 | steps:  1695 | steps_t:     0 | t: 1.334338 | r:  -514.000000 | e:   1.000000 | Q:        nan | won: False 
#  154 | steps:  1703 | steps_t:     0 | t: 1.343752 | r:  -507.000000 | e:   1.000000 | Q:        nan | won: False 
#  155 | steps:  1715 | steps_t:     0 | t: 1.353367 | r:  -511.000000 | e:   1.000000 | Q:        nan | won: False 
#  156 | steps:  1733 | steps_t:     0 | t: 1.363787 | r:  -517.000000 | e:   1.000000 | Q:        nan | won: False 
#  157 | steps:  1740 | steps_t:     0 | t: 1.369632 | r:  -506.000000 | e:   1.000000 | Q:        nan | won: False 
#  158 | steps:  1753 | steps_t:     0 | t: 1.377214 | r:  -512.000000 | e:   1.000000 | Q:        nan | won: False 
#  159 | steps:  1759 | steps_t:     0 | t: 1.380902 | r:  -505.000000 | e:   1.000000 | Q:        nan | won: False 
#  160 | steps:  1767 | steps_t:     0 | t: 1.385767 | r:  -507.000000 | e:   1.000000 | Q:        nan | won: False 
#  161 | steps:  1775 | steps_t:     0 | t: 1.390302 | r:  -507.000000 | e:   1.000000 | Q:        nan | won: False 
#  162 | steps:  1781 | steps_t:     0 | t: 1.395111 | r:  -505.000000 | e:   1.000000 | Q:        nan | won: False 
#  163 | steps:  1789 | steps_t:     0 | t: 1.398469 | r:  -507.000000 | e:   1.000000 | Q:        nan | won: False 
#  164 | steps:  1799 | steps_t:     0 | t: 1.403632 | r:  -509.000000 | e:   1.000000 | Q:        nan | won: False 
#  165 | steps:  1808 | steps_t:     0 | t: 1.407520 | r:  -508.000000 | e:   1.000000 | Q:        nan | won: False 
#  166 | steps:  1815 | steps_t:     0 | t: 1.410979 | r:  -506.000000 | e:   1.000000 | Q:        nan | won: False 
#  167 | steps:  1826 | steps_t:     0 | t: 1.419416 | r:  -510.000000 | e:   1.000000 | Q:        nan | won: False 
#  168 | steps:  1842 | steps_t:     0 | t: 1.429654 | r:  -515.000000 | e:   1.000000 | Q:        nan | won: False 
#  169 | steps:  1861 | steps_t:     0 | t: 1.446222 | r:  -518.000000 | e:   1.000000 | Q:        nan | won: False 
#  170 | steps:  1878 | steps_t:     0 | t: 1.459601 | r:  -516.000000 | e:   1.000000 | Q:        nan | won: False 
#  171 | steps:  1938 | steps_t:     0 | t: 1.508116 | r:    52.000000 | e:   1.000000 | Q:        nan | won: True 
#  172 | steps:  1956 | steps_t:     0 | t: 1.520667 | r:  -517.000000 | e:   1.000000 | Q:        nan | won: False 
#  173 | steps:  1966 | steps_t:     0 | t: 1.526452 | r:  -509.000000 | e:   1.000000 | Q:        nan | won: False 
#  174 | steps:  1974 | steps_t:     0 | t: 1.532682 | r:  -507.000000 | e:   1.000000 | Q:        nan | won: False 
#  175 | steps:  1983 | steps_t:     0 | t: 1.537689 | r:  -508.000000 | e:   1.000000 | Q:        nan | won: False 
#  176 | steps:  1997 | steps_t:     0 | t: 1.551116 | r:  -513.000000 | e:   1.000000 | Q:        nan | won: False 
#  177 | steps:  2009 | steps_t:     0 | t: 1.560658 | r:  -511.000000 | e:   1.000000 | Q:        nan | won: False 
#  178 | steps:  2019 | steps_t:     0 | t: 1.572577 | r:  -509.000000 | e:   1.000000 | Q:        nan | won: False 
#  179 | steps:  2032 | steps_t:     0 | t: 1.581973 | r:  -512.000000 | e:   1.000000 | Q:        nan | won: False 
#  180 | steps:  2048 | steps_t:     0 | t: 1.589992 | r:  -515.000000 | e:   1.000000 | Q:        nan | won: False 
#  181 | steps:  2058 | steps_t:     0 | t: 1.596141 | r:  -509.000000 | e:   1.000000 | Q:        nan | won: False 
#  182 | steps:  2078 | steps_t:     0 | t: 1.612775 | r:  -519.000000 | e:   1.000000 | Q:        nan | won: False 
#  183 | steps:  2086 | steps_t:     0 | t: 1.621392 | r:  -507.000000 | e:   1.000000 | Q:        nan | won: False 
#  184 | steps:  2100 | steps_t:     0 | t: 1.629924 | r:  -513.000000 | e:   1.000000 | Q:        nan | won: False 
#  185 | steps:  2106 | steps_t:     0 | t: 1.632826 | r:  -505.000000 | e:   1.000000 | Q:        nan | won: False 
#  186 | steps:  2115 | steps_t:     0 | t: 1.641451 | r:  -508.000000 | e:   1.000000 | Q:        nan | won: False 
#  187 | steps:  2123 | steps_t:     0 | t: 1.648477 | r:  -507.000000 | e:   1.000000 | Q:        nan | won: False 
#  188 | steps:  2128 | steps_t:     0 | t: 1.651151 | r:  -504.000000 | e:   1.000000 | Q:        nan | won: False 
#  189 | steps:  2141 | steps_t:     0 | t: 1.658158 | r:  -512.000000 | e:   1.000000 | Q:        nan | won: False 
#  190 | steps:  2147 | steps_t:     0 | t: 1.663832 | r:  -505.000000 | e:   1.000000 | Q:        nan | won: False 
#  191 | steps:  2155 | steps_t:     0 | t: 1.669626 | r:  -507.000000 | e:   1.000000 | Q:        nan | won: False 
#  192 | steps:  2164 | steps_t:     0 | t: 1.677294 | r:  -508.000000 | e:   1.000000 | Q:        nan | won: False 
#  193 | steps:  2174 | steps_t:     0 | t: 1.686551 | r:  -509.000000 | e:   1.000000 | Q:        nan | won: False 
#  194 | steps:  2183 | steps_t:     0 | t: 1.694697 | r:  -508.000000 | e:   1.000000 | Q:        nan | won: False 
#  195 | steps:  2193 | steps_t:     0 | t: 1.704026 | r:  -509.000000 | e:   1.000000 | Q:        nan | won: False 
#  196 | steps:  2201 | steps_t:     0 | t: 1.709884 | r:  -507.000000 | e:   1.000000 | Q:        nan | won: False 
#  197 | steps:  2211 | steps_t:     0 | t: 1.720084 | r:  -509.000000 | e:   1.000000 | Q:        nan | won: False 
#  198 | steps:  2224 | steps_t:     0 | t: 1.729899 | r:  -512.000000 | e:   1.000000 | Q:        nan | won: False 
#  199 | steps:  2230 | steps_t:     0 | t: 1.733978 | r:  -505.000000 | e:   1.000000 | Q:        nan | won: False 
#  200 | steps:  2242 | steps_t:     0 | t: 1.738906 | r:  -511.000000 | e:   1.000000 | Q:        nan | won: False 
#  201 | steps:  2251 | steps_t:     0 | t: 1.742806 | r:  -508.000000 | e:   1.000000 | Q:        nan | won: False 
#  202 | steps:  2261 | steps_t:     0 | t: 1.750412 | r:  -509.000000 | e:   1.000000 | Q:        nan | won: False 
#  203 | steps:  2269 | steps_t:     0 | t: 1.754088 | r:  -507.000000 | e:   1.000000 | Q:        nan | won: False 
#  204 | steps:  2276 | steps_t:     0 | t: 1.757101 | r:  -506.000000 | e:   1.000000 | Q:        nan | won: False 
#  205 | steps:  2295 | steps_t:     0 | t: 1.765804 | r:  -518.000000 | e:   1.000000 | Q:        nan | won: False 
#  206 | steps:  2302 | steps_t:     0 | t: 1.768912 | r:  -506.000000 | e:   1.000000 | Q:        nan | won: False 
#  207 | steps:  2309 | steps_t:     0 | t: 1.771907 | r:  -506.000000 | e:   1.000000 | Q:        nan | won: False 
#  208 | steps:  2321 | steps_t:     0 | t: 1.778675 | r:  -511.000000 | e:   1.000000 | Q:        nan | won: False 
#  209 | steps:  2330 | steps_t:     0 | t: 1.783418 | r:  -508.000000 | e:   1.000000 | Q:        nan | won: False 
#  210 | steps:  2337 | steps_t:     0 | t: 1.786457 | r:  -506.000000 | e:   1.000000 | Q:        nan | won: False 
#  211 | steps:  2354 | steps_t:     0 | t: 1.795274 | r:  -516.000000 | e:   1.000000 | Q:        nan | won: False 
#  212 | steps:  2372 | steps_t:     0 | t: 1.804769 | r:  -517.000000 | e:   1.000000 | Q:        nan | won: False 
#  213 | steps:  2380 | steps_t:     0 | t: 1.809326 | r:  -507.000000 | e:   1.000000 | Q:        nan | won: False 
#  214 | steps:  2387 | steps_t:     0 | t: 1.812250 | r:  -506.000000 | e:   1.000000 | Q:        nan | won: False 
#  215 | steps:  2399 | steps_t:     0 | t: 1.817182 | r:  -511.000000 | e:   1.000000 | Q:        nan | won: False 
#  216 | steps:  2419 | steps_t:     0 | t: 1.826776 | r:  -519.000000 | e:   1.000000 | Q:        nan | won: False 
#  217 | steps:  2428 | steps_t:     0 | t: 1.830557 | r:  -508.000000 | e:   1.000000 | Q:        nan | won: False 
#  218 | steps:  2442 | steps_t:     0 | t: 1.836417 | r:  -491.000000 | e:   1.000000 | Q:        nan | won: False 
#  219 | steps:  2452 | steps_t:     0 | t: 1.843315 | r:  -509.000000 | e:   1.000000 | Q:        nan | won: False 
#  220 | steps:  2461 | steps_t:     0 | t: 1.848421 | r:  -508.000000 | e:   1.000000 | Q:        nan | won: False 
#  221 | steps:  2474 | steps_t:     0 | t: 1.856989 | r:  -512.000000 | e:   1.000000 | Q:        nan | won: False 
#  222 | steps:  2485 | steps_t:     0 | t: 1.865254 | r:  -510.000000 | e:   1.000000 | Q:        nan | won: False 
#  223 | steps:  2492 | steps_t:     0 | t: 1.869499 | r:  -506.000000 | e:   1.000000 | Q:        nan | won: False 
#  224 | steps:  2518 | steps_t:     0 | t: 1.885379 | r:  -514.000000 | e:   1.000000 | Q:        nan | won: False 
#  225 | steps:  2535 | steps_t:     0 | t: 1.894014 | r:  -516.000000 | e:   1.000000 | Q:        nan | won: False 
#  226 | steps:  2543 | steps_t:     0 | t: 1.898618 | r:  -507.000000 | e:   1.000000 | Q:        nan | won: False 
#  227 | steps:  2550 | steps_t:     0 | t: 1.901987 | r:  -506.000000 | e:   1.000000 | Q:        nan | won: False 
#  228 | steps:  2561 | steps_t:     0 | t: 1.910292 | r:  -510.000000 | e:   1.000000 | Q:        nan | won: False 
#  229 | steps:  2572 | steps_t:     0 | t: 1.918921 | r:  -510.000000 | e:   1.000000 | Q:        nan | won: False 
#  230 | steps:  2577 | steps_t:     0 | t: 1.923743 | r:  -504.000000 | e:   1.000000 | Q:        nan | won: False 
#  231 | steps:  2598 | steps_t:     0 | t: 1.941717 | r:  -520.000000 | e:   1.000000 | Q:        nan | won: False 
#  232 | steps:  2609 | steps_t:     0 | t: 1.950764 | r:  -510.000000 | e:   1.000000 | Q:        nan | won: False 
#  233 | steps:  2624 | steps_t:     0 | t: 1.963525 | r:  -514.000000 | e:   1.000000 | Q:        nan | won: False 
#  234 | steps:  2646 | steps_t:     0 | t: 1.981316 | r:  -521.000000 | e:   1.000000 | Q:        nan | won: False 
#  235 | steps:  2655 | steps_t:     0 | t: 1.990188 | r:  -508.000000 | e:   1.000000 | Q:        nan | won: False 
#  236 | steps:  2661 | steps_t:     0 | t: 1.996465 | r:  -505.000000 | e:   1.000000 | Q:        nan | won: False 
#  237 | steps:  2669 | steps_t:     0 | t: 2.003972 | r:  -507.000000 | e:   1.000000 | Q:        nan | won: False 
#  238 | steps:  2683 | steps_t:     0 | t: 2.021234 | r:  -513.000000 | e:   1.000000 | Q:        nan | won: False 
#  239 | steps:  2697 | steps_t:     0 | t: 2.036087 | r:  -513.000000 | e:   1.000000 | Q:        nan | won: False 
#  240 | steps:  2712 | steps_t:     0 | t: 2.049930 | r:  -492.000000 | e:   1.000000 | Q:        nan | won: False 
#  241 | steps:  2732 | steps_t:     0 | t: 2.069638 | r:  -519.000000 | e:   1.000000 | Q:        nan | won: False 
#  242 | steps:  2753 | steps_t:     0 | t: 2.087030 | r:  -520.000000 | e:   1.000000 | Q:        nan | won: False 
#  243 | steps:  2759 | steps_t:     0 | t: 2.093979 | r:  -505.000000 | e:   1.000000 | Q:        nan | won: False 
#  244 | steps:  2774 | steps_t:     0 | t: 2.106076 | r:  -514.000000 | e:   1.000000 | Q:        nan | won: False 
#  245 | steps:  2781 | steps_t:     0 | t: 2.114366 | r:  -506.000000 | e:   1.000000 | Q:        nan | won: False 
#  246 | steps:  2793 | steps_t:     0 | t: 2.126960 | r:  -511.000000 | e:   1.000000 | Q:        nan | won: False 
#  247 | steps:  2802 | steps_t:     0 | t: 2.135592 | r:  -508.000000 | e:   1.000000 | Q:        nan | won: False 
#  248 | steps:  2811 | steps_t:     0 | t: 2.151040 | r:  -508.000000 | e:   1.000000 | Q:        nan | won: False 
#  249 | steps:  2818 | steps_t:     0 | t: 2.158782 | r:  -506.000000 | e:   1.000000 | Q:        nan | won: False 
#  250 | steps:  2836 | steps_t:     0 | t: 2.176416 | r:  -517.000000 | e:   1.000000 | Q:        nan | won: False 
#  251 | steps:  2847 | steps_t:     0 | t: 2.185734 | r:  -510.000000 | e:   1.000000 | Q:        nan | won: False 
#  252 | steps:  2857 | steps_t:     0 | t: 2.193747 | r:  -509.000000 | e:   1.000000 | Q:        nan | won: False 
#  253 | steps:  2867 | steps_t:     0 | t: 2.202291 | r:  -509.000000 | e:   1.000000 | Q:        nan | won: False 
#  254 | steps:  2874 | steps_t:     0 | t: 2.208004 | r:  -506.000000 | e:   1.000000 | Q:        nan | won: False 
#  255 | steps:  2892 | steps_t:     0 | t: 2.225963 | r:  -517.000000 | e:   1.000000 | Q:        nan | won: False 
#  256 | steps:  2900 | steps_t:     0 | t: 2.233371 | r:  -507.000000 | e:   1.000000 | Q:        nan | won: False 
#  257 | steps:  2908 | steps_t:     0 | t: 2.240122 | r:  -507.000000 | e:   1.000000 | Q:        nan | won: False 
#  258 | steps:  2918 | steps_t:     0 | t: 2.248272 | r:  -509.000000 | e:   1.000000 | Q:        nan | won: False 
#  259 | steps:  2925 | steps_t:     0 | t: 2.253277 | r:  -506.000000 | e:   1.000000 | Q:        nan | won: False 
#  260 | steps:  2936 | steps_t:     0 | t: 2.262470 | r:  -510.000000 | e:   1.000000 | Q:        nan | won: False 
#  261 | steps:  2951 | steps_t:     0 | t: 2.274912 | r:  -514.000000 | e:   1.000000 | Q:        nan | won: False 
#  262 | steps:  2971 | steps_t:     0 | t: 2.292009 | r:  -508.000000 | e:   1.000000 | Q:        nan | won: False 
#  263 | steps:  2986 | steps_t:     0 | t: 2.306390 | r:  -514.000000 | e:   1.000000 | Q:        nan | won: False 
#  264 | steps:  2996 | steps_t:     0 | t: 2.314480 | r:  -509.000000 | e:   1.000000 | Q:        nan | won: False 
#  265 | steps:  3006 | steps_t:     0 | t: 2.322668 | r:  -509.000000 | e:   1.000000 | Q:        nan | won: False 
#  266 | steps:  3028 | steps_t:     0 | t: 2.341755 | r:  -521.000000 | e:   1.000000 | Q:        nan | won: False 
#  267 | steps:  3039 | steps_t:     0 | t: 2.351812 | r:  -510.000000 | e:   1.000000 | Q:        nan | won: False 
#  268 | steps:  3044 | steps_t:     0 | t: 2.355245 | r:  -504.000000 | e:   1.000000 | Q:        nan | won: False 
#  269 | steps:  3051 | steps_t:     0 | t: 2.360208 | r:  -506.000000 | e:   1.000000 | Q:        nan | won: False 
#  270 | steps:  3072 | steps_t:     0 | t: 2.374839 | r:  -520.000000 | e:   1.000000 | Q:        nan | won: False 
#  271 | steps:  3084 | steps_t:     0 | t: 2.384353 | r:  -511.000000 | e:   1.000000 | Q:        nan | won: False 
#  272 | steps:  3104 | steps_t:     0 | t: 2.397555 | r:  -519.000000 | e:   1.000000 | Q:        nan | won: False 
#  273 | steps:  3112 | steps_t:     0 | t: 2.403300 | r:  -507.000000 | e:   1.000000 | Q:        nan | won: False 
#  274 | steps:  3122 | steps_t:     0 | t: 2.408477 | r:  -509.000000 | e:   1.000000 | Q:        nan | won: False 
#  275 | steps:  3131 | steps_t:     0 | t: 2.414416 | r:  -508.000000 | e:   1.000000 | Q:        nan | won: False 
#  276 | steps:  3139 | steps_t:     0 | t: 2.418812 | r:  -507.000000 | e:   1.000000 | Q:        nan | won: False 
#  277 | steps:  3150 | steps_t:     0 | t: 2.428590 | r:  -510.000000 | e:   1.000000 | Q:        nan | won: False 
#  278 | steps:  3162 | steps_t:     0 | t: 2.436737 | r:  -511.000000 | e:   1.000000 | Q:        nan | won: False 
#  279 | steps:  3171 | steps_t:     0 | t: 2.441346 | r:  -508.000000 | e:   1.000000 | Q:        nan | won: False 
#  280 | steps:  3178 | steps_t:     0 | t: 2.446466 | r:  -506.000000 | e:   1.000000 | Q:        nan | won: False 
#  281 | steps:  3198 | steps_t:     0 | t: 2.460612 | r:  -519.000000 | e:   1.000000 | Q:        nan | won: False 
#  282 | steps:  3210 | steps_t:     0 | t: 2.467069 | r:  -511.000000 | e:   1.000000 | Q:        nan | won: False 
#  283 | steps:  3218 | steps_t:     0 | t: 2.472909 | r:  -507.000000 | e:   1.000000 | Q:        nan | won: False 
#  284 | steps:  3225 | steps_t:     0 | t: 2.479015 | r:  -506.000000 | e:   1.000000 | Q:        nan | won: False 
#  285 | steps:  3233 | steps_t:     0 | t: 2.484413 | r:  -507.000000 | e:   1.000000 | Q:        nan | won: False 
#  286 | steps:  3245 | steps_t:     0 | t: 2.490731 | r:  -511.000000 | e:   1.000000 | Q:        nan | won: False 
#  287 | steps:  3252 | steps_t:     0 | t: 2.495166 | r:  -506.000000 | e:   1.000000 | Q:        nan | won: False 
#  288 | steps:  3259 | steps_t:     0 | t: 2.501389 | r:  -506.000000 | e:   1.000000 | Q:        nan | won: False 
#  289 | steps:  3267 | steps_t:     0 | t: 2.508146 | r:  -507.000000 | e:   1.000000 | Q:        nan | won: False 
#  290 | steps:  3281 | steps_t:     0 | t: 2.519635 | r:  -513.000000 | e:   1.000000 | Q:        nan | won: False 
#  291 | steps:  3294 | steps_t:     0 | t: 2.527139 | r:  -512.000000 | e:   1.000000 | Q:        nan | won: False 
#  292 | steps:  3310 | steps_t:     0 | t: 2.538640 | r:  -515.000000 | e:   1.000000 | Q:        nan | won: False 
#  293 | steps:  3321 | steps_t:     0 | t: 2.544746 | r:  -510.000000 | e:   1.000000 | Q:        nan | won: False 
#  294 | steps:  3328 | steps_t:     0 | t: 2.548174 | r:  -506.000000 | e:   1.000000 | Q:        nan | won: False 
#  295 | steps:  3338 | steps_t:     0 | t: 2.554228 | r:  -509.000000 | e:   1.000000 | Q:        nan | won: False 
#  296 | steps:  3349 | steps_t:     0 | t: 2.561775 | r:  -510.000000 | e:   1.000000 | Q:        nan | won: False 
#  297 | steps:  3363 | steps_t:     0 | t: 2.570001 | r:  -513.000000 | e:   1.000000 | Q:        nan | won: False 
#  298 | steps:  3372 | steps_t:     0 | t: 2.576132 | r:  -508.000000 | e:   1.000000 | Q:        nan | won: False 
#  299 | steps:  3380 | steps_t:     0 | t: 2.585203 | r:  -507.000000 | e:   1.000000 | Q:        nan | won: False 
#  300 | steps:  3392 | steps_t:     0 | t: 2.594278 | r:  -511.000000 | e:   1.000000 | Q:        nan | won: False 
#  301 | steps:  3402 | steps_t:     0 | t: 2.602330 | r:  -509.000000 | e:   1.000000 | Q:        nan | won: False 
#  302 | steps:  3413 | steps_t:     0 | t: 2.611796 | r:  -510.000000 | e:   1.000000 | Q:        nan | won: False 
#  303 | steps:  3430 | steps_t:     0 | t: 2.625169 | r:  -516.000000 | e:   1.000000 | Q:        nan | won: False 
#  304 | steps:  3437 | steps_t:     0 | t: 2.632526 | r:  -506.000000 | e:   1.000000 | Q:        nan | won: False 
#  305 | steps:  3455 | steps_t:     0 | t: 2.647668 | r:  -517.000000 | e:   1.000000 | Q:        nan | won: False 
#  306 | steps:  3463 | steps_t:     0 | t: 2.653642 | r:  -507.000000 | e:   1.000000 | Q:        nan | won: False 
#  307 | steps:  3473 | steps_t:     0 | t: 2.661836 | r:  -509.000000 | e:   1.000000 | Q:        nan | won: False 
#  308 | steps:  3484 | steps_t:     0 | t: 2.672173 | r:  -510.000000 | e:   1.000000 | Q:        nan | won: False 
#  309 | steps:  3503 | steps_t:     0 | t: 2.686800 | r:  -518.000000 | e:   1.000000 | Q:        nan | won: False 
#  310 | steps:  3510 | steps_t:     0 | t: 2.692231 | r:  -506.000000 | e:   1.000000 | Q:        nan | won: False 
#  311 | steps:  3520 | steps_t:     0 | t: 2.700717 | r:  -509.000000 | e:   1.000000 | Q:        nan | won: False 
#  312 | steps:  3529 | steps_t:     0 | t: 2.707869 | r:  -508.000000 | e:   1.000000 | Q:        nan | won: False 
#  313 | steps:  3535 | steps_t:     0 | t: 2.714286 | r:  -505.000000 | e:   1.000000 | Q:        nan | won: False 
#  314 | steps:  3542 | steps_t:     0 | t: 2.721400 | r:  -506.000000 | e:   1.000000 | Q:        nan | won: False 
#  315 | steps:  3549 | steps_t:     0 | t: 2.727797 | r:  -506.000000 | e:   1.000000 | Q:        nan | won: False 
#  316 | steps:  3569 | steps_t:     0 | t: 2.753857 | r:  -519.000000 | e:   1.000000 | Q:        nan | won: False 
#  317 | steps:  3583 | steps_t:     0 | t: 2.774100 | r:  -513.000000 | e:   1.000000 | Q:        nan | won: False 
#  318 | steps:  3589 | steps_t:     0 | t: 2.781212 | r:  -505.000000 | e:   1.000000 | Q:        nan | won: False 
#  319 | steps:  3599 | steps_t:     0 | t: 2.789535 | r:  -509.000000 | e:   1.000000 | Q:        nan | won: False 
#  320 | steps:  3613 | steps_t:     0 | t: 2.801351 | r:  -513.000000 | e:   1.000000 | Q:        nan | won: False 
#  321 | steps:  3623 | steps_t:     0 | t: 2.809462 | r:  -509.000000 | e:   1.000000 | Q:        nan | won: False 
#  322 | steps:  3635 | steps_t:     0 | t: 2.822687 | r:  -511.000000 | e:   1.000000 | Q:        nan | won: False 
#  323 | steps:  3644 | steps_t:     0 | t: 2.830281 | r:  -508.000000 | e:   1.000000 | Q:        nan | won: False 
#  324 | steps:  3659 | steps_t:     0 | t: 2.845055 | r:  -514.000000 | e:   1.000000 | Q:        nan | won: False 
#  325 | steps:  3667 | steps_t:     0 | t: 2.852036 | r:  -507.000000 | e:   1.000000 | Q:        nan | won: False 
#  326 | steps:  3688 | steps_t:     0 | t: 2.874129 | r:  -520.000000 | e:   1.000000 | Q:        nan | won: False 
#  327 | steps:  3695 | steps_t:     0 | t: 2.881544 | r:  -506.000000 | e:   1.000000 | Q:        nan | won: False 
#  328 | steps:  3715 | steps_t:     0 | t: 2.902758 | r:  -508.000000 | e:   1.000000 | Q:        nan | won: False 
#  329 | steps:  3723 | steps_t:     0 | t: 2.919439 | r:  -507.000000 | e:   1.000000 | Q:        nan | won: False 
#  330 | steps:  3729 | steps_t:     0 | t: 2.924774 | r:  -505.000000 | e:   1.000000 | Q:        nan | won: False 
#  331 | steps:  3748 | steps_t:     0 | t: 2.948366 | r:  -518.000000 | e:   1.000000 | Q:        nan | won: False 
#  332 | steps:  3768 | steps_t:     0 | t: 2.968231 | r:  -519.000000 | e:   1.000000 | Q:        nan | won: False 
#  333 | steps:  3778 | steps_t:     0 | t: 2.980528 | r:  -509.000000 | e:   1.000000 | Q:        nan | won: False 
#  334 | steps:  3792 | steps_t:     0 | t: 3.005926 | r:  -513.000000 | e:   1.000000 | Q:        nan | won: False 
#  335 | steps:  3798 | steps_t:     0 | t: 3.038974 | r:  -505.000000 | e:   1.000000 | Q:        nan | won: False 
#  336 | steps:  3806 | steps_t:     0 | t: 3.057595 | r:  -507.000000 | e:   1.000000 | Q:        nan | won: False 
#  337 | steps:  3827 | steps_t:     0 | t: 3.175585 | r:  -520.000000 | e:   1.000000 | Q:        nan | won: False 
#  338 | steps:  3869 | steps_t:     0 | t: 3.317789 | r:  -530.000000 | e:   1.000000 | Q:        nan | won: False 
#  339 | steps:  3881 | steps_t:     0 | t: 3.326957 | r:  -511.000000 | e:   1.000000 | Q:        nan | won: False 
#  340 | steps:  3888 | steps_t:     0 | t: 3.334427 | r:  -506.000000 | e:   1.000000 | Q:        nan | won: False 
#  341 | steps:  3894 | steps_t:     0 | t: 3.339349 | r:  -505.000000 | e:   1.000000 | Q:        nan | won: False 
#  342 | steps:  3914 | steps_t:     0 | t: 3.357813 | r:  -519.000000 | e:   1.000000 | Q:        nan | won: False 
#  343 | steps:  3924 | steps_t:     0 | t: 3.371764 | r:  -509.000000 | e:   1.000000 | Q:        nan | won: False 
#  344 | steps:  3935 | steps_t:     0 | t: 3.388092 | r:  -510.000000 | e:   1.000000 | Q:        nan | won: False 
#  345 | steps:  3941 | steps_t:     0 | t: 3.393001 | r:  -505.000000 | e:   1.000000 | Q:        nan | won: False 
#  346 | steps:  3951 | steps_t:     0 | t: 3.403342 | r:  -509.000000 | e:   1.000000 | Q:        nan | won: False 
#  347 | steps:  3957 | steps_t:     0 | t: 3.413715 | r:  -505.000000 | e:   1.000000 | Q:        nan | won: False 
#  348 | steps:  3982 | steps_t:     0 | t: 3.435741 | r:  -524.000000 | e:   1.000000 | Q:        nan | won: False 
#  349 | steps:  3992 | steps_t:     0 | t: 3.445476 | r:  -509.000000 | e:   1.000000 | Q:        nan | won: False 
#  350 | steps:  3999 | steps_t:     0 | t: 3.451025 | r:  -506.000000 | e:   1.000000 | Q:        nan | won: False 
#  351 | steps:  4006 | steps_t:     0 | t: 3.456133 | r:  -506.000000 | e:   1.000000 | Q:        nan | won: False 
#  352 | steps:  4016 | steps_t:     0 | t: 3.467344 | r:  -509.000000 | e:   1.000000 | Q:        nan | won: False 
#  353 | steps:  4027 | steps_t:     0 | t: 3.475819 | r:  -510.000000 | e:   1.000000 | Q:        nan | won: False 
#  354 | steps:  4048 | steps_t:     0 | t: 3.492369 | r:  -520.000000 | e:   1.000000 | Q:        nan | won: False 
#  355 | steps:  4056 | steps_t:     0 | t: 3.500829 | r:  -507.000000 | e:   1.000000 | Q:        nan | won: False 
#  356 | steps:  4065 | steps_t:     0 | t: 3.507712 | r:  -508.000000 | e:   1.000000 | Q:        nan | won: False 
#  357 | steps:  4086 | steps_t:     0 | t: 3.525592 | r:  -520.000000 | e:   1.000000 | Q:        nan | won: False 
#  358 | steps:  4096 | steps_t:     0 | t: 3.533840 | r:  -509.000000 | e:   1.000000 | Q:        nan | won: False 
#  359 | steps:  4117 | steps_t:     0 | t: 3.553769 | r:  -520.000000 | e:   1.000000 | Q:        nan | won: False 
#  360 | steps:  4124 | steps_t:     0 | t: 3.559461 | r:  -506.000000 | e:   1.000000 | Q:        nan | won: False 
#  361 | steps:  4131 | steps_t:     0 | t: 3.568507 | r:  -506.000000 | e:   1.000000 | Q:        nan | won: False 
#  362 | steps:  4139 | steps_t:     0 | t: 3.574612 | r:  -507.000000 | e:   1.000000 | Q:        nan | won: False 
#  363 | steps:  4145 | steps_t:     0 | t: 3.580802 | r:  -505.000000 | e:   1.000000 | Q:        nan | won: False 
#  364 | steps:  4153 | steps_t:     0 | t: 3.587164 | r:  -507.000000 | e:   1.000000 | Q:        nan | won: False 
#  365 | steps:  4173 | steps_t:     0 | t: 3.605923 | r:  -519.000000 | e:   1.000000 | Q:        nan | won: False 
#  366 | steps:  4191 | steps_t:     0 | t: 3.621446 | r:  -517.000000 | e:   1.000000 | Q:        nan | won: False 
#  367 | steps:  4211 | steps_t:     0 | t: 3.645349 | r:  -508.000000 | e:   1.000000 | Q:        nan | won: False 
#  368 | steps:  4217 | steps_t:     0 | t: 3.653364 | r:  -505.000000 | e:   1.000000 | Q:        nan | won: False 
#  369 | steps:  4228 | steps_t:     0 | t: 3.668637 | r:  -510.000000 | e:   1.000000 | Q:        nan | won: False 
#  370 | steps:  4239 | steps_t:     0 | t: 3.677934 | r:  -510.000000 | e:   1.000000 | Q:        nan | won: False 
#  371 | steps:  4253 | steps_t:     0 | t: 3.691106 | r:  -513.000000 | e:   1.000000 | Q:        nan | won: False 
#  372 | steps:  4263 | steps_t:     0 | t: 3.701516 | r:  -509.000000 | e:   1.000000 | Q:        nan | won: False 
#  373 | steps:  4271 | steps_t:     0 | t: 3.707629 | r:  -507.000000 | e:   1.000000 | Q:        nan | won: False 
#  374 | steps:  4280 | steps_t:     0 | t: 3.719496 | r:  -508.000000 | e:   1.000000 | Q:        nan | won: False 
#  375 | steps:  4287 | steps_t:     0 | t: 3.725063 | r:  -506.000000 | e:   1.000000 | Q:        nan | won: False 
#  376 | steps:  4297 | steps_t:     0 | t: 3.733354 | r:  -509.000000 | e:   1.000000 | Q:        nan | won: False 
#  377 | steps:  4308 | steps_t:     0 | t: 3.741664 | r:  -510.000000 | e:   1.000000 | Q:        nan | won: False 
#  378 | steps:  4319 | steps_t:     0 | t: 3.750972 | r:  -510.000000 | e:   1.000000 | Q:        nan | won: False 
#  379 | steps:  4329 | steps_t:     0 | t: 3.758497 | r:  -509.000000 | e:   1.000000 | Q:        nan | won: False 
#  380 | steps:  4335 | steps_t:     0 | t: 3.765673 | r:  -505.000000 | e:   1.000000 | Q:        nan | won: False 
#  381 | steps:  4343 | steps_t:     0 | t: 3.772094 | r:  -507.000000 | e:   1.000000 | Q:        nan | won: False 
#  382 | steps:  4351 | steps_t:     0 | t: 3.778255 | r:  -507.000000 | e:   1.000000 | Q:        nan | won: False 
#  383 | steps:  4359 | steps_t:     0 | t: 3.784923 | r:  -507.000000 | e:   1.000000 | Q:        nan | won: False 
#  384 | steps:  4375 | steps_t:     0 | t: 3.799254 | r:  -515.000000 | e:   1.000000 | Q:        nan | won: False 
#  385 | steps:  4382 | steps_t:     0 | t: 3.804893 | r:  -506.000000 | e:   1.000000 | Q:        nan | won: False 
#  386 | steps:  4392 | steps_t:     0 | t: 3.812575 | r:  -509.000000 | e:   1.000000 | Q:        nan | won: False 
#  387 | steps:  4402 | steps_t:     0 | t: 3.820487 | r:  -509.000000 | e:   1.000000 | Q:        nan | won: False 
#  388 | steps:  4416 | steps_t:     0 | t: 3.831928 | r:  -513.000000 | e:   1.000000 | Q:        nan | won: False 
#  389 | steps:  4425 | steps_t:     0 | t: 3.839123 | r:  -508.000000 | e:   1.000000 | Q:        nan | won: False 
#  390 | steps:  4439 | steps_t:     0 | t: 3.856166 | r:  -513.000000 | e:   1.000000 | Q:        nan | won: False 
#  391 | steps:  4448 | steps_t:     0 | t: 3.868915 | r:  -508.000000 | e:   1.000000 | Q:        nan | won: False 
#  392 | steps:  4455 | steps_t:     0 | t: 3.885866 | r:  -506.000000 | e:   1.000000 | Q:        nan | won: False 
#  393 | steps:  4466 | steps_t:     0 | t: 3.901721 | r:  -510.000000 | e:   1.000000 | Q:        nan | won: False 
#  394 | steps:  4471 | steps_t:     0 | t: 3.907355 | r:  -504.000000 | e:   1.000000 | Q:        nan | won: False 
#  395 | steps:  4482 | steps_t:     0 | t: 3.918170 | r:  -510.000000 | e:   1.000000 | Q:        nan | won: False 
#  396 | steps:  4491 | steps_t:     0 | t: 3.926207 | r:  -508.000000 | e:   1.000000 | Q:        nan | won: False 
#  397 | steps:  4501 | steps_t:     0 | t: 3.934382 | r:  -509.000000 | e:   1.000000 | Q:        nan | won: False 
#  398 | steps:  4522 | steps_t:     0 | t: 3.953606 | r:  -520.000000 | e:   1.000000 | Q:        nan | won: False 
#  399 | steps:  4531 | steps_t:     0 | t: 3.961128 | r:  -508.000000 | e:   1.000000 | Q:        nan | won: False 
#  400 | steps:  4538 | steps_t:     0 | t: 3.967057 | r:  -506.000000 | e:   1.000000 | Q:        nan | won: False 
#  401 | steps:  4561 | steps_t:     0 | t: 3.988040 | r:  -522.000000 | e:   1.000000 | Q:        nan | won: False 
#  402 | steps:  4570 | steps_t:     0 | t: 3.998304 | r:  -508.000000 | e:   1.000000 | Q:        nan | won: False 
#  403 | steps:  4611 | steps_t:     0 | t: 4.035405 | r:  -529.000000 | e:   1.000000 | Q:        nan | won: False 
#  404 | steps:  4621 | steps_t:     0 | t: 4.044062 | r:  -509.000000 | e:   1.000000 | Q:        nan | won: False 
#  405 | steps:  4629 | steps_t:     0 | t: 4.053506 | r:  -507.000000 | e:   1.000000 | Q:        nan | won: False 
#  406 | steps:  4645 | steps_t:     0 | t: 4.088582 | r:  -515.000000 | e:   1.000000 | Q:        nan | won: False 
#  407 | steps:  4655 | steps_t:     0 | t: 4.117864 | r:  -509.000000 | e:   1.000000 | Q:        nan | won: False 
#  408 | steps:  4663 | steps_t:     0 | t: 4.124729 | r:  -507.000000 | e:   1.000000 | Q:        nan | won: False 
#  409 | steps:  4682 | steps_t:     0 | t: 4.167392 | r:  -518.000000 | e:   1.000000 | Q:        nan | won: False 
#  410 | steps:  4698 | steps_t:     0 | t: 4.208569 | r:  -515.000000 | e:   1.000000 | Q:        nan | won: False 
#  411 | steps:  4706 | steps_t:     0 | t: 4.222928 | r:  -507.000000 | e:   1.000000 | Q:        nan | won: False 
#  412 | steps:  4718 | steps_t:     0 | t: 4.237136 | r:  -511.000000 | e:   1.000000 | Q:        nan | won: False 
#  413 | steps:  4732 | steps_t:     0 | t: 4.289605 | r:  -513.000000 | e:   1.000000 | Q:        nan | won: False 
#  414 | steps:  4738 | steps_t:     0 | t: 4.298550 | r:  -505.000000 | e:   1.000000 | Q:        nan | won: False 
#  415 | steps:  4744 | steps_t:     0 | t: 4.305856 | r:  -505.000000 | e:   1.000000 | Q:        nan | won: False 
#  416 | steps:  4754 | steps_t:     0 | t: 4.342924 | r:  -509.000000 | e:   1.000000 | Q:        nan | won: False 
#  417 | steps:  4765 | steps_t:     0 | t: 4.373611 | r:  -510.000000 | e:   1.000000 | Q:        nan | won: False 
#  418 | steps:  4772 | steps_t:     0 | t: 4.401472 | r:  -506.000000 | e:   1.000000 | Q:        nan | won: False 
#  419 | steps:  4779 | steps_t:     0 | t: 4.420767 | r:  -506.000000 | e:   1.000000 | Q:        nan | won: False 
#  420 | steps:  4787 | steps_t:     0 | t: 4.427343 | r:  -507.000000 | e:   1.000000 | Q:        nan | won: False 
#  421 | steps:  4795 | steps_t:     0 | t: 4.434871 | r:  -507.000000 | e:   1.000000 | Q:        nan | won: False 
#  422 | steps:  4803 | steps_t:     0 | t: 4.441750 | r:  -507.000000 | e:   1.000000 | Q:        nan | won: False 
#  423 | steps:  4810 | steps_t:     0 | t: 4.450081 | r:  -506.000000 | e:   1.000000 | Q:        nan | won: False 
#  424 | steps:  4818 | steps_t:     0 | t: 4.458163 | r:  -507.000000 | e:   1.000000 | Q:        nan | won: False 
#  425 | steps:  4831 | steps_t:     0 | t: 4.487470 | r:  -512.000000 | e:   1.000000 | Q:        nan | won: False 
#  426 | steps:  4840 | steps_t:     0 | t: 4.500224 | r:  -508.000000 | e:   1.000000 | Q:        nan | won: False 
#  427 | steps:  4867 | steps_t:     0 | t: 4.569513 | r:  -515.000000 | e:   1.000000 | Q:        nan | won: False 
#  428 | steps:  4882 | steps_t:     0 | t: 4.596508 | r:  -514.000000 | e:   1.000000 | Q:        nan | won: False 
#  429 | steps:  4892 | steps_t:     0 | t: 4.622332 | r:  -509.000000 | e:   1.000000 | Q:        nan | won: False 
#  430 | steps:  4905 | steps_t:     0 | t: 4.670967 | r:  -512.000000 | e:   1.000000 | Q:        nan | won: False 
#  431 | steps:  4924 | steps_t:     0 | t: 4.688401 | r:  -518.000000 | e:   1.000000 | Q:        nan | won: False 
#  432 | steps:  4931 | steps_t:     0 | t: 4.694441 | r:  -506.000000 | e:   1.000000 | Q:        nan | won: False 
#  433 | steps:  4946 | steps_t:     0 | t: 4.707018 | r:  -514.000000 | e:   1.000000 | Q:        nan | won: False 
#  434 | steps:  4955 | steps_t:     0 | t: 4.717140 | r:  -508.000000 | e:   1.000000 | Q:        nan | won: False 
#  435 | steps:  4960 | steps_t:     0 | t: 4.722910 | r:  -504.000000 | e:   1.000000 | Q:        nan | won: False 
#  436 | steps:  4975 | steps_t:     0 | t: 4.736933 | r:  -514.000000 | e:   1.000000 | Q:        nan | won: False 
#  437 | steps:  4984 | steps_t:     0 | t: 4.744804 | r:  -508.000000 | e:   1.000000 | Q:        nan | won: False 
#  438 | steps:  4992 | steps_t:     0 | t: 4.751384 | r:  -507.000000 | e:   1.000000 | Q:        nan | won: False 
#  439 | steps:  4998 | steps_t:     0 | t: 4.759160 | r:  -505.000000 | e:   1.000000 | Q:        nan | won: False 
#  440 | steps:  5006 | steps_t:     5 | t: 5.953166 | r:  -507.000000 | e:   0.999500 | Q:        nan | won: False 
#  441 | steps:  5020 | steps_t:    18 | t: 6.165426 | r:  -513.000000 | e:   0.998200 | Q:        nan | won: False 
#  442 | steps:  5026 | steps_t:    23 | t: 6.255422 | r:  -505.000000 | e:   0.997700 | Q:        nan | won: False 
#  443 | steps:  5033 | steps_t:    29 | t: 6.355660 | r:  -506.000000 | e:   0.997100 | Q:        nan | won: False 
#  444 | steps:  5039 | steps_t:    34 | t: 6.443726 | r:  -505.000000 | e:   0.996600 | Q:        nan | won: False 
#  445 | steps:  5045 | steps_t:    39 | t: 6.534082 | r:  -505.000000 | e:   0.996100 | Q:        nan | won: False 
#  446 | steps:  5054 | steps_t:    47 | t: 6.663398 | r:  -508.000000 | e:   0.995300 | Q:        nan | won: False 
#  447 | steps:  5061 | steps_t:    53 | t: 6.755167 | r:  -506.000000 | e:   0.994700 | Q:        nan | won: False 
#  448 | steps:  5071 | steps_t:    62 | t: 6.895540 | r:  -509.000000 | e:   0.993800 | Q:        nan | won: False 
#  449 | steps:  5082 | steps_t:    72 | t: 7.059735 | r:  -510.000000 | e:   0.992800 | Q:        nan | won: False 
#  450 | steps:  5089 | steps_t:    78 | t: 7.153226 | r:  -506.000000 | e:   0.992200 | Q:        nan | won: False 
#  451 | steps:  5096 | steps_t:    84 | t: 7.249858 | r:  -506.000000 | e:   0.991600 | Q:        nan | won: False 
#  452 | steps:  5111 | steps_t:    98 | t: 7.465384 | r:  -503.000000 | e:   0.990200 | Q:        nan | won: False 
#  453 | steps:  5121 | steps_t:   107 | t: 7.605398 | r:  -509.000000 | e:   0.989300 | Q:        nan | won: False 
#  454 | steps:  5139 | steps_t:   124 | t: 7.875091 | r:  -517.000000 | e:   0.987600 | Q:        nan | won: False 
#  455 | steps:  5144 | steps_t:   128 | t: 7.934182 | r:  -504.000000 | e:   0.987200 | Q:        nan | won: False 
#  456 | steps:  5165 | steps_t:   148 | t: 8.272727 | r:  -520.000000 | e:   0.985200 | Q:        nan | won: False 
#  457 | steps:  5185 | steps_t:   167 | t: 8.574078 | r:  -519.000000 | e:   0.983300 | Q:        nan | won: False 
#  458 | steps:  5208 | steps_t:   189 | t: 8.954886 | r:  -522.000000 | e:   0.981100 | Q:        nan | won: False 
#  459 | steps:  5222 | steps_t:   202 | t: 9.255727 | r:  -513.000000 | e:   0.979800 | Q:        nan | won: False 
#  460 | steps:  5230 | steps_t:   209 | t: 9.397428 | r:  -507.000000 | e:   0.979100 | Q:        nan | won: False 
#  461 | steps:  5237 | steps_t:   215 | t: 9.502072 | r:  -506.000000 | e:   0.978500 | Q:        nan | won: False 
#  462 | steps:  5244 | steps_t:   221 | t: 9.591197 | r:  -506.000000 | e:   0.977900 | Q:        nan | won: False 
#  463 | steps:  5254 | steps_t:   230 | t: 9.772553 | r:  -509.000000 | e:   0.977000 | Q: -160.875214 | won: False 
#  464 | steps:  5261 | steps_t:   236 | t: 9.925473 | r:  -506.000000 | e:   0.976400 | Q:        nan | won: False 
#  465 | steps:  5273 | steps_t:   247 | t: 10.192281 | r:  -511.000000 | e:   0.975300 | Q:        nan | won: False 
#  466 | steps:  5291 | steps_t:   264 | t: 10.552249 | r:  -517.000000 | e:   0.973600 | Q:        nan | won: False 
#  467 | steps:  5304 | steps_t:   276 | t: 10.820199 | r:  -512.000000 | e:   0.972400 | Q:        nan | won: False 
#  468 | steps:  5317 | steps_t:   288 | t: 11.058116 | r:  -512.000000 | e:   0.971200 | Q: -30.013342 | won: False 
#  469 | steps:  5326 | steps_t:   296 | t: 11.234255 | r:  -508.000000 | e:   0.970400 | Q:        nan | won: False 
#  470 | steps:  5351 | steps_t:   320 | t: 11.741824 | r:  -524.000000 | e:   0.968000 | Q: -69.338684 | won: False 
#  471 | steps:  5357 | steps_t:   325 | t: 11.838866 | r:  -505.000000 | e:   0.967500 | Q:        nan | won: False 
#  472 | steps:  5364 | steps_t:   331 | t: 11.957998 | r:  -506.000000 | e:   0.966900 | Q:        nan | won: False 
#  473 | steps:  5373 | steps_t:   339 | t: 12.127413 | r:  -508.000000 | e:   0.966100 | Q:   1.174934 | won: False 
#  474 | steps:  5385 | steps_t:   350 | t: 12.337763 | r:  -511.000000 | e:   0.965000 | Q: -77.794205 | won: False 
#  475 | steps:  5394 | steps_t:   358 | t: 12.490255 | r:  -508.000000 | e:   0.964200 | Q:        nan | won: False 
#  476 | steps:  5402 | steps_t:   365 | t: 12.628448 | r:  -507.000000 | e:   0.963500 | Q:        nan | won: False 
#  477 | steps:  5409 | steps_t:   371 | t: 12.774231 | r:  -506.000000 | e:   0.962900 | Q:        nan | won: False 
#  478 | steps:  5427 | steps_t:   388 | t: 13.180995 | r:  -517.000000 | e:   0.961200 | Q:        nan | won: False 
#  479 | steps:  5440 | steps_t:   400 | t: 13.375906 | r:  -501.000000 | e:   0.960000 | Q:        nan | won: False 
#  480 | steps:  5450 | steps_t:   409 | t: 13.548451 | r:  -509.000000 | e:   0.959100 | Q:        nan | won: False 
#  481 | steps:  5455 | steps_t:   413 | t: 13.627327 | r:  -504.000000 | e:   0.958700 | Q:        nan | won: False 
#  482 | steps:  5466 | steps_t:   423 | t: 13.812746 | r:  -510.000000 | e:   0.957700 | Q: -23.773623 | won: False 
#  483 | steps:  5525 | steps_t:   481 | t: 14.959860 | r:  -558.000000 | e:   0.951900 | Q:        nan | won: False 
#  484 | steps:  5532 | steps_t:   487 | t: 15.091375 | r:  -506.000000 | e:   0.951300 | Q:        nan | won: False 
#  485 | steps:  5540 | steps_t:   494 | t: 15.230846 | r:  -507.000000 | e:   0.950600 | Q:        nan | won: False 
#  486 | steps:  5547 | steps_t:   500 | t: 15.342467 | r:  -506.000000 | e:   0.950000 | Q:        nan | won: False 
#  487 | steps:  5556 | steps_t:   508 | t: 15.504640 | r:  -508.000000 | e:   0.949200 | Q:        nan | won: False 
#  488 | steps:  5562 | steps_t:   513 | t: 15.629316 | r:  -505.000000 | e:   0.948700 | Q:        nan | won: False 
#  489 | steps:  5573 | steps_t:   523 | t: 15.865428 | r:  -510.000000 | e:   0.947700 | Q:        nan | won: False 
#  490 | steps:  5582 | steps_t:   531 | t: 16.055746 | r:  -508.000000 | e:   0.946900 | Q: -68.750618 | won: False 
#  491 | steps:  5590 | steps_t:   538 | t: 16.202738 | r:  -507.000000 | e:   0.946200 | Q:        nan | won: False 
#  492 | steps:  5598 | steps_t:   545 | t: 16.344475 | r:  -507.000000 | e:   0.945500 | Q: -210.293823 | won: False 
#  493 | steps:  5608 | steps_t:   554 | t: 16.500950 | r:  -509.000000 | e:   0.944600 | Q:        nan | won: False 
#  494 | steps:  5616 | steps_t:   561 | t: 16.623706 | r:  -507.000000 | e:   0.943900 | Q:        nan | won: False 
#  495 | steps:  5624 | steps_t:   568 | t: 16.750104 | r:  -507.000000 | e:   0.943200 | Q: -113.956467 | won: False 
#  496 | steps:  5631 | steps_t:   574 | t: 16.875677 | r:  -506.000000 | e:   0.942600 | Q:        nan | won: False 
#  497 | steps:  5642 | steps_t:   584 | t: 17.065562 | r:  -510.000000 | e:   0.941600 | Q: -428.605347 | won: False 
#  498 | steps:  5651 | steps_t:   592 | t: 17.220182 | r:  -508.000000 | e:   0.940800 | Q:  -6.205076 | won: False 
#  499 | steps:  5662 | steps_t:   602 | t: 17.402815 | r:  -510.000000 | e:   0.939800 | Q:        nan | won: False 
#  500 | steps:  5671 | steps_t:   610 | t: 17.541061 | r:  -508.000000 | e:   0.939000 | Q: -87.395760 | won: False 
#  501 | steps:  5683 | steps_t:   621 | t: 20.584417 | r:  -511.000000 | e:   0.937900 | Q: -116.917229 | won: False 
#  502 | steps:  5688 | steps_t:   625 | t: 22.551204 | r:  -504.000000 | e:   0.937500 | Q:        nan | won: False 
#  503 | steps:  5697 | steps_t:   633 | t: 25.395293 | r:  -508.000000 | e:   0.936700 | Q:        nan | won: False 
#  504 | steps:  5709 | steps_t:   644 | t: 29.176885 | r:  -511.000000 | e:   0.935600 | Q: -155.040253 | won: False 
#  505 | steps:  5719 | steps_t:   653 | t: 32.448332 | r:  -509.000000 | e:   0.934700 | Q: -423.879547 | won: False 
#  506 | steps:  5731 | steps_t:   664 | t: 36.180354 | r:  -511.000000 | e:   0.933600 | Q: -24.803837 | won: False 
#  507 | steps:  5742 | steps_t:   674 | t: 39.737671 | r:  -510.000000 | e:   0.932600 | Q: -53.013111 | won: False 
#  508 | steps:  5749 | steps_t:   680 | t: 42.319698 | r:  -506.000000 | e:   0.932000 | Q:        nan | won: False 
#  509 | steps:  5759 | steps_t:   689 | t: 45.222929 | r:  -509.000000 | e:   0.931100 | Q:        nan | won: False 
#  510 | steps:  5768 | steps_t:   697 | t: 47.599064 | r:  -508.000000 | e:   0.930300 | Q: -15.356281 | won: False 
